This is pdfTeX, Version 3.14159265-2.6-1.40.16 (TeX Live 2015/Debian) (preloaded format=pdflatex 2018.10.13)  22 APR 2019 23:26
entering extended mode
 restricted \write18 enabled.
 %&-line parsing enabled.
**LMT_Thesis.tex
(./LMT_Thesis.tex
LaTeX2e <2016/02/01>
Babel <3.9q> and hyphenation patterns for 81 language(s) loaded.
(/usr/share/texlive/texmf-dist/tex/latex/base/report.cls
Document Class: report 2014/09/29 v1.4h Standard LaTeX document class
(/usr/share/texlive/texmf-dist/tex/latex/base/size12.clo
File: size12.clo 2014/09/29 v1.4h Standard LaTeX file (size option)
)
\c@part=\count79
\c@chapter=\count80
\c@section=\count81
\c@subsection=\count82
\c@subsubsection=\count83
\c@paragraph=\count84
\c@subparagraph=\count85
\c@figure=\count86
\c@table=\count87
\abovecaptionskip=\skip41
\belowcaptionskip=\skip42
\bibindent=\dimen102
) (./lmtstyle.sty
(/usr/share/texlive/texmf-dist/tex/latex/base/ifthen.sty
Package: ifthen 2014/09/29 v1.1c Standard LaTeX ifthen package (DPC)
)
(/usr/share/texlive/texmf-dist/tex/latex/graphics/graphicx.sty
Package: graphicx 2014/10/28 v1.0g Enhanced LaTeX Graphics (DPC,SPQR)

(/usr/share/texlive/texmf-dist/tex/latex/graphics/keyval.sty
Package: keyval 2014/10/28 v1.15 key=value parser (DPC)
\KV@toks@=\toks14
)
(/usr/share/texlive/texmf-dist/tex/latex/graphics/graphics.sty
Package: graphics 2016/01/03 v1.0q Standard LaTeX Graphics (DPC,SPQR)

(/usr/share/texlive/texmf-dist/tex/latex/graphics/trig.sty
Package: trig 2016/01/03 v1.10 sin cos tan (DPC)
)
(/usr/share/texlive/texmf-dist/tex/latex/latexconfig/graphics.cfg
File: graphics.cfg 2010/04/23 v1.9 graphics configuration of TeX Live
)
Package graphics Info: Driver file: pdftex.def on input line 95.

(/usr/share/texlive/texmf-dist/tex/latex/pdftex-def/pdftex.def
File: pdftex.def 2011/05/27 v0.06d Graphics/color for pdfTeX

(/usr/share/texlive/texmf-dist/tex/generic/oberdiek/infwarerr.sty
Package: infwarerr 2010/04/08 v1.3 Providing info/warning/error messages (HO)
)
(/usr/share/texlive/texmf-dist/tex/generic/oberdiek/ltxcmds.sty
Package: ltxcmds 2011/11/09 v1.22 LaTeX kernel commands for general use (HO)
)
\Gread@gobject=\count88
))
\Gin@req@height=\dimen103
\Gin@req@width=\dimen104
))
(/usr/share/texlive/texmf-dist/tex/latex/koma-script/typearea.sty
Package: typearea 2015/10/03 v3.19a KOMA-Script package (type area)

Package typearea, 2015/10/03 v3.19a KOMA-Script package (type area)
                  Copyright (C) Frank Neukam, 1992-1994
                  Copyright (C) Markus Kohm, 1994-

(/usr/share/texlive/texmf-dist/tex/latex/koma-script/scrkbase.sty
Package: scrkbase 2015/10/03 v3.19a KOMA-Script package (KOMA-Script-dependent 
basics and keyval usage)

(/usr/share/texlive/texmf-dist/tex/latex/koma-script/scrbase.sty
Package: scrbase 2015/10/03 v3.19a KOMA-Script package (KOMA-Script-independent
 basics and keyval usage)

(/usr/share/texlive/texmf-dist/tex/latex/koma-script/scrlfile.sty
Package: scrlfile 2015/10/03 v3.19a KOMA-Script package (loading files)

Package scrlfile, 2015/10/03 v3.19a KOMA-Script package (loading files)
                  Copyright (C) Markus Kohm

)))
\ta@bcor=\skip43
\ta@div=\count89
Package typearea Info: You've used standard option `a4paper'.
(typearea)             This is correct!
(typearea)             Internally I'm using `paper=a4'.
(typearea)             If you'd like to set the option with \KOMAoptions,
(typearea)             you'd have to use `paper=a4' there
(typearea)             instead of `a4paper', too.
\ta@hblk=\skip44
\ta@vblk=\skip45
\ta@temp=\skip46
\footheight=\skip47
Package typearea Info: These are the values describing the layout:
(typearea)             DIV  = 12
(typearea)             BCOR = 28.45274pt
(typearea)             \paperwidth      = 597.50793pt
(typearea)              \textwidth      = 426.7914pt
(typearea)              DIV departure   = -1%
(typearea)              \evensidemargin = 27.31465pt
(typearea)              \oddsidemargin  = 27.31465pt
(typearea)             \paperheight     = 845.04694pt
(typearea)              \textheight     = 635.5pt
(typearea)              \topmargin      = -41.72441pt
(typearea)              \headheight     = 18.125pt
(typearea)              \headsep        = 21.75pt
(typearea)              \topskip        = 12.0pt
(typearea)              \footskip       = 50.75pt
(typearea)              \baselineskip   = 14.5pt
(typearea)              on input line 1509.
) (/usr/share/texlive/texmf-dist/tex/generic/babel/babel.sty
Package: babel 2016/02/24 3.9q The Babel package

(/usr/share/texlive/texmf-dist/tex/generic/babel-english/english.ldf
Language: english 2012/08/20 v3.3p English support from the babel system

(/usr/share/texlive/texmf-dist/tex/generic/babel/babel.def
File: babel.def 2016/02/24 3.9q Babel common definitions
\babel@savecnt=\count90
\U@D=\dimen105
)
\l@canadian = a dialect from \language\l@american 
\l@australian = a dialect from \language\l@british 
\l@newzealand = a dialect from \language\l@british 
)
(/usr/share/texlive/texmf-dist/tex/generic/babel-german/ngerman.ldf
Language: ngerman 2013/12/13 v2.7 German support for babel (new orthography)

(/usr/share/texlive/texmf-dist/tex/generic/babel-german/ngermanb.ldf
Language: ngermanb 2013/12/13 v2.7 German support for babel (new orthography)
\l@naustrian = a dialect from \language\l@ngerman 
\l@nswissgerman = a dialect from \language\l@ngerman 
Package babel Info: Making " an active character on input line 88.
)))
(/usr/share/texlive/texmf-dist/tex/latex/tocbibind/tocbibind.sty
Package: tocbibind 2010/10/13 v1.5k extra ToC listings
Package tocbibind Info: The document has chapter divisions on input line 50.


Package tocbibind Note: Using chapter style headings, unless overridden.

) (/usr/share/texlive/texmf-dist/tex/latex/parskip/parskip.sty
Package: parskip 2001/04/09 non-zero parskip adjustments
)
(/usr/share/texlive/texmf-dist/tex/latex/base/inputenc.sty
Package: inputenc 2015/03/17 v1.2c Input encoding file
\inpenc@prehook=\toks15
\inpenc@posthook=\toks16

(/usr/share/texlive/texmf-dist/tex/latex/base/latin1.def
File: latin1.def 2015/03/17 v1.2c Input encoding file
))
(/usr/share/texlive/texmf-dist/tex/latex/a4wide/a4wide.sty
Package: a4wide 1994/08/30

(/usr/share/texlive/texmf-dist/tex/latex/ntgclass/a4.sty
Package: a4 2004/04/15 v1.2g A4 based page layout
))
(/usr/share/texlive/texmf-dist/tex/latex/base/makeidx.sty
Package: makeidx 2014/09/29 v1.0m Standard LaTeX package
)
(/usr/share/texlive/texmf-dist/tex/latex/url/url.sty
\Urlmuskip=\muskip10
Package: url 2013/09/16  ver 3.4  Verb mode for urls, etc.
)
(/usr/share/texlive/texmf-dist/tex/latex/base/doc.sty
Package: doc 2014/09/29 v2.1e Standard LaTeX documentation package (FMi)
\c@StandardModuleDepth=\count91
\guard@level=\count92
\MacrocodeTopsep=\skip48
\MacroIndent=\dimen106
\macro@cnt=\count93
\MacroTopsep=\skip49
\index@excludelist=\toks17

(/usr/share/texlive/texmf-dist/tex/latex/tools/multicol.sty
Package: multicol 2015/08/19 v1.8n multicolumn formatting (FMi)
\c@tracingmulticols=\count94
\mult@box=\box26
\multicol@leftmargin=\dimen107
\c@unbalance=\count95
\c@collectmore=\count96
\doublecol@number=\count97
\multicoltolerance=\count98
\multicolpretolerance=\count99
\full@width=\dimen108
\page@free=\dimen109
\premulticols=\dimen110
\postmulticols=\dimen111
\multicolsep=\skip50
\multicolbaselineskip=\skip51
\partial@page=\box27
\last@line=\box28
\maxbalancingoverflow=\dimen112
\mult@rightbox=\box29
\mult@grightbox=\box30
\mult@gfirstbox=\box31
\mult@firstbox=\box32
\@tempa=\box33
\@tempa=\box34
\@tempa=\box35
\@tempa=\box36
\@tempa=\box37
\@tempa=\box38
\@tempa=\box39
\@tempa=\box40
\@tempa=\box41
\@tempa=\box42
\@tempa=\box43
\@tempa=\box44
\@tempa=\box45
\@tempa=\box46
\@tempa=\box47
\@tempa=\box48
\@tempa=\box49
\c@columnbadness=\count100
\c@finalcolumnbadness=\count101
\last@try=\dimen113
\multicolovershoot=\dimen114
\multicolundershoot=\dimen115
\mult@nat@firstbox=\box50
\colbreak@box=\box51
\mc@col@check@num=\count102
)
\IndexMin=\dimen116
\c@IndexColumns=\count103
\GlossaryMin=\dimen117
\c@GlossaryColumns=\count104
\check@sum=\count105
\bslash@cnt=\count106
\wrong@table=\toks18
\c@CodelineNo=\count107
)
(/usr/share/texlive/texmf-dist/tex/latex/pdfpages/pdfpages.sty
Package: pdfpages 2015/09/18 v0.5d Insert pages of external PDF documents (AM)

(/usr/share/texlive/texmf-dist/tex/latex/tools/calc.sty
Package: calc 2014/10/28 v4.3 Infix arithmetic (KKT,FJ)
\calc@Acount=\count108
\calc@Bcount=\count109
\calc@Adimen=\dimen118
\calc@Bdimen=\dimen119
\calc@Askip=\skip52
\calc@Bskip=\skip53
LaTeX Info: Redefining \setlength on input line 80.
LaTeX Info: Redefining \addtolength on input line 81.
\calc@Ccount=\count110
\calc@Cskip=\skip54
)
(/usr/share/texlive/texmf-dist/tex/latex/eso-pic/eso-pic.sty
Package: eso-pic 2015/07/21 v2.0g eso-pic (RN)

(/usr/share/texlive/texmf-dist/tex/generic/oberdiek/atbegshi.sty
Package: atbegshi 2011/10/05 v1.16 At begin shipout hook (HO)

(/usr/share/texlive/texmf-dist/tex/generic/oberdiek/ifpdf.sty
Package: ifpdf 2011/01/30 v2.3 Provides the ifpdf switch (HO)
Package ifpdf Info: pdfTeX in PDF mode is detected.
))
(/usr/share/texlive/texmf-dist/tex/latex/xcolor/xcolor.sty
Package: xcolor 2007/01/21 v2.11 LaTeX color extensions (UK)

(/usr/share/texlive/texmf-dist/tex/latex/latexconfig/color.cfg
File: color.cfg 2007/01/18 v1.5 color configuration of teTeX/TeXLive
)
Package xcolor Info: Driver file: pdftex.def on input line 225.
Package xcolor Info: Model `cmy' substituted by `cmy0' on input line 1337.
Package xcolor Info: Model `hsb' substituted by `rgb' on input line 1341.
Package xcolor Info: Model `RGB' extended on input line 1353.
Package xcolor Info: Model `HTML' substituted by `rgb' on input line 1355.
Package xcolor Info: Model `Hsb' substituted by `hsb' on input line 1356.
Package xcolor Info: Model `tHsb' substituted by `hsb' on input line 1357.
Package xcolor Info: Model `HSB' substituted by `hsb' on input line 1358.
Package xcolor Info: Model `Gray' substituted by `gray' on input line 1359.
Package xcolor Info: Model `wave' substituted by `hsb' on input line 1360.
))
\AM@pagewidth=\dimen120
\AM@pageheight=\dimen121

(/usr/share/texlive/texmf-dist/tex/latex/pdfpages/pppdftex.def
File: pppdftex.def 2015/09/18 v0.5d Pdfpages driver for pdfTeX (AM)
)
\AM@pagebox=\box52
\AM@toc@title=\toks19
\c@AM@survey=\count111
\AM@templatesizebox=\box53
)
(/usr/share/texlive/texmf-dist/tex/latex/bbm-macros/bbm.sty
Package: bbm 1999/03/15 V 1.2 provides fonts for set symbols - TH
LaTeX Font Info:    Overwriting math alphabet `\mathbbm' in version `bold'
(Font)                  U/bbm/m/n --> U/bbm/bx/n on input line 33.
LaTeX Font Info:    Overwriting math alphabet `\mathbbmss' in version `bold'
(Font)                  U/bbmss/m/n --> U/bbmss/bx/n on input line 35.
)
(/usr/share/texlive/texmf-dist/tex/latex/hyperref/hyperref.sty
Package: hyperref 2012/11/06 v6.83m Hypertext links for LaTeX

(/usr/share/texlive/texmf-dist/tex/generic/oberdiek/hobsub-hyperref.sty
Package: hobsub-hyperref 2012/05/28 v1.13 Bundle oberdiek, subset hyperref (HO)


(/usr/share/texlive/texmf-dist/tex/generic/oberdiek/hobsub-generic.sty
Package: hobsub-generic 2012/05/28 v1.13 Bundle oberdiek, subset generic (HO)
Package: hobsub 2012/05/28 v1.13 Construct package bundles (HO)
Package hobsub Info: Skipping package `infwarerr' (already loaded).
Package hobsub Info: Skipping package `ltxcmds' (already loaded).
Package: ifluatex 2010/03/01 v1.3 Provides the ifluatex switch (HO)
Package ifluatex Info: LuaTeX not detected.
Package: ifvtex 2010/03/01 v1.5 Detect VTeX and its facilities (HO)
Package ifvtex Info: VTeX not detected.
Package: intcalc 2007/09/27 v1.1 Expandable calculations with integers (HO)
Package hobsub Info: Skipping package `ifpdf' (already loaded).
Package: etexcmds 2011/02/16 v1.5 Avoid name clashes with e-TeX commands (HO)
Package etexcmds Info: Could not find \expanded.
(etexcmds)             That can mean that you are not using pdfTeX 1.50 or
(etexcmds)             that some package has redefined \expanded.
(etexcmds)             In the latter case, load this package earlier.
Package: kvsetkeys 2012/04/25 v1.16 Key value parser (HO)
Package: kvdefinekeys 2011/04/07 v1.3 Define keys (HO)
Package: pdftexcmds 2011/11/29 v0.20 Utility functions of pdfTeX for LuaTeX (HO
)
Package pdftexcmds Info: LuaTeX not detected.
Package pdftexcmds Info: \pdf@primitive is available.
Package pdftexcmds Info: \pdf@ifprimitive is available.
Package pdftexcmds Info: \pdfdraftmode found.
Package: pdfescape 2011/11/25 v1.13 Implements pdfTeX's escape features (HO)
Package: bigintcalc 2012/04/08 v1.3 Expandable calculations on big integers (HO
)
Package: bitset 2011/01/30 v1.1 Handle bit-vector datatype (HO)
Package: uniquecounter 2011/01/30 v1.2 Provide unlimited unique counter (HO)
)
Package hobsub Info: Skipping package `hobsub' (already loaded).
Package: letltxmacro 2010/09/02 v1.4 Let assignment for LaTeX macros (HO)
Package: hopatch 2012/05/28 v1.2 Wrapper for package hooks (HO)
Package: xcolor-patch 2011/01/30 xcolor patch
Package: atveryend 2011/06/30 v1.8 Hooks at the very end of document (HO)
Package atveryend Info: \enddocument detected (standard20110627).
Package hobsub Info: Skipping package `atbegshi' (already loaded).
Package: refcount 2011/10/16 v3.4 Data extraction from label references (HO)
Package: hycolor 2011/01/30 v1.7 Color options for hyperref/bookmark (HO)
)
(/usr/share/texlive/texmf-dist/tex/generic/ifxetex/ifxetex.sty
Package: ifxetex 2010/09/12 v0.6 Provides ifxetex conditional
)
(/usr/share/texlive/texmf-dist/tex/latex/oberdiek/auxhook.sty
Package: auxhook 2011/03/04 v1.3 Hooks for auxiliary files (HO)
)
(/usr/share/texlive/texmf-dist/tex/latex/oberdiek/kvoptions.sty
Package: kvoptions 2011/06/30 v3.11 Key value format for package options (HO)
)
\@linkdim=\dimen122
\Hy@linkcounter=\count112
\Hy@pagecounter=\count113

(/usr/share/texlive/texmf-dist/tex/latex/hyperref/pd1enc.def
File: pd1enc.def 2012/11/06 v6.83m Hyperref: PDFDocEncoding definition (HO)
)
\Hy@SavedSpaceFactor=\count114

(/usr/share/texlive/texmf-dist/tex/latex/latexconfig/hyperref.cfg
File: hyperref.cfg 2002/06/06 v1.2 hyperref configuration of TeXLive
)
Package hyperref Info: Hyper figures OFF on input line 4443.
Package hyperref Info: Link nesting OFF on input line 4448.
Package hyperref Info: Hyper index ON on input line 4451.
Package hyperref Info: Plain pages OFF on input line 4458.
Package hyperref Info: Backreferencing OFF on input line 4463.
Package hyperref Info: Implicit mode ON; LaTeX internals redefined.
Package hyperref Info: Bookmarks ON on input line 4688.
\c@Hy@tempcnt=\count115
LaTeX Info: Redefining \url on input line 5041.
\XeTeXLinkMargin=\dimen123
\Fld@menulength=\count116
\Field@Width=\dimen124
\Fld@charsize=\dimen125
Package hyperref Info: Hyper figures OFF on input line 6295.
Package hyperref Info: Link nesting OFF on input line 6300.
Package hyperref Info: Hyper index ON on input line 6303.
Package hyperref Info: backreferencing OFF on input line 6310.
Package hyperref Info: Link coloring OFF on input line 6315.
Package hyperref Info: Link coloring with OCG OFF on input line 6320.
Package hyperref Info: PDF/A mode OFF on input line 6325.
LaTeX Info: Redefining \ref on input line 6365.
LaTeX Info: Redefining \pageref on input line 6369.
\Hy@abspage=\count117
\c@Item=\count118
\c@Hfootnote=\count119
)

Package hyperref Message: Driver (autodetected): hpdftex.

(/usr/share/texlive/texmf-dist/tex/latex/hyperref/hpdftex.def
File: hpdftex.def 2012/11/06 v6.83m Hyperref driver for pdfTeX
\Fld@listcount=\count120
\c@bookmark@seq@number=\count121

(/usr/share/texlive/texmf-dist/tex/latex/oberdiek/rerunfilecheck.sty
Package: rerunfilecheck 2011/04/15 v1.7 Rerun checks for auxiliary files (HO)
Package uniquecounter Info: New unique counter `rerunfilecheck' on input line 2
82.
)
\Hy@SectionHShift=\skip55
)
(/usr/share/texlive/texmf-dist/tex/latex/natbib/natbib.sty
Package: natbib 2010/09/13 8.31b (PWD, AO)
\bibhang=\skip56
\bibsep=\skip57
LaTeX Info: Redefining \cite on input line 694.
\c@NAT@ctr=\count122
)
(/usr/share/texlive/texmf-dist/tex/latex/amsmath/amsmath.sty
Package: amsmath 2016/03/03 v2.15a AMS math features
\@mathmargin=\skip58

For additional information on amsmath, use the `?' option.
(/usr/share/texlive/texmf-dist/tex/latex/amsmath/amstext.sty
Package: amstext 2000/06/29 v2.01 AMS text

(/usr/share/texlive/texmf-dist/tex/latex/amsmath/amsgen.sty
File: amsgen.sty 1999/11/30 v2.0 generic functions
\@emptytoks=\toks20
\ex@=\dimen126
))
(/usr/share/texlive/texmf-dist/tex/latex/amsmath/amsbsy.sty
Package: amsbsy 1999/11/29 v1.2d Bold Symbols
\pmbraise@=\dimen127
)
(/usr/share/texlive/texmf-dist/tex/latex/amsmath/amsopn.sty
Package: amsopn 1999/12/14 v2.01 operator names
)
\inf@bad=\count123
LaTeX Info: Redefining \frac on input line 199.
\uproot@=\count124
\leftroot@=\count125
LaTeX Info: Redefining \overline on input line 297.
\classnum@=\count126
\DOTSCASE@=\count127
LaTeX Info: Redefining \ldots on input line 394.
LaTeX Info: Redefining \dots on input line 397.
LaTeX Info: Redefining \cdots on input line 518.
\Mathstrutbox@=\box54
\strutbox@=\box55
\big@size=\dimen128
LaTeX Font Info:    Redeclaring font encoding OML on input line 630.
LaTeX Font Info:    Redeclaring font encoding OMS on input line 631.
\macc@depth=\count128
\c@MaxMatrixCols=\count129
\dotsspace@=\muskip11
\c@parentequation=\count130
\dspbrk@lvl=\count131
\tag@help=\toks21
\row@=\count132
\column@=\count133
\maxfields@=\count134
\andhelp@=\toks22
\eqnshift@=\dimen129
\alignsep@=\dimen130
\tagshift@=\dimen131
\tagwidth@=\dimen132
\totwidth@=\dimen133
\lineht@=\dimen134
\@envbody=\toks23
\multlinegap=\skip59
\multlinetaggap=\skip60
\mathdisplay@stack=\toks24
LaTeX Info: Redefining \[ on input line 2735.
LaTeX Info: Redefining \] on input line 2736.
)
(/usr/share/texlive/texmf-dist/tex/latex/amsfonts/amsfonts.sty
Package: amsfonts 2013/01/14 v3.01 Basic AMSFonts support
\symAMSa=\mathgroup4
\symAMSb=\mathgroup5
LaTeX Font Info:    Overwriting math alphabet `\mathfrak' in version `bold'
(Font)                  U/euf/m/n --> U/euf/b/n on input line 106.
)
(/usr/share/texlive/texmf-dist/tex/latex/float/float.sty
Package: float 2001/11/08 v1.3d Float enhancements (AL)
\c@float@type=\count135
\float@exts=\toks25
\float@box=\box56
\@float@everytoks=\toks26
\@floatcapt=\box57
)
(/usr/share/texlive/texmf-dist/tex/latex/todonotes/todonotes.sty
Package: todonotes 2015/07/09 .dtx Todonotes source and documentation.
Package: todonotes 2012/07/25

(/usr/share/texlive/texmf-dist/tex/latex/xkeyval/xkeyval.sty
Package: xkeyval 2014/12/03 v2.7a package option processing (HA)

(/usr/share/texlive/texmf-dist/tex/generic/xkeyval/xkeyval.tex
(/usr/share/texlive/texmf-dist/tex/generic/xkeyval/xkvutils.tex
\XKV@toks=\toks27
\XKV@tempa@toks=\toks28
)
\XKV@depth=\count136
File: xkeyval.tex 2014/12/03 v2.7a key=value parser (HA)
))
(/usr/share/texlive/texmf-dist/tex/latex/pgf/frontendlayer/tikz.sty
(/usr/share/texlive/texmf-dist/tex/latex/pgf/basiclayer/pgf.sty
(/usr/share/texlive/texmf-dist/tex/latex/pgf/utilities/pgfrcs.sty
(/usr/share/texlive/texmf-dist/tex/generic/pgf/utilities/pgfutil-common.tex
\pgfutil@everybye=\toks29
\pgfutil@tempdima=\dimen135
\pgfutil@tempdimb=\dimen136

(/usr/share/texlive/texmf-dist/tex/generic/pgf/utilities/pgfutil-common-lists.t
ex)) (/usr/share/texlive/texmf-dist/tex/generic/pgf/utilities/pgfutil-latex.def
\pgfutil@abb=\box58
(/usr/share/texlive/texmf-dist/tex/latex/ms/everyshi.sty
Package: everyshi 2001/05/15 v3.00 EveryShipout Package (MS)
))
(/usr/share/texlive/texmf-dist/tex/generic/pgf/utilities/pgfrcs.code.tex
Package: pgfrcs 2015/08/07 v3.0.1a (rcs-revision 1.31)
))
Package: pgf 2015/08/07 v3.0.1a (rcs-revision 1.15)

(/usr/share/texlive/texmf-dist/tex/latex/pgf/basiclayer/pgfcore.sty
(/usr/share/texlive/texmf-dist/tex/latex/pgf/systemlayer/pgfsys.sty
(/usr/share/texlive/texmf-dist/tex/generic/pgf/systemlayer/pgfsys.code.tex
Package: pgfsys 2014/07/09 v3.0.1a (rcs-revision 1.48)

(/usr/share/texlive/texmf-dist/tex/generic/pgf/utilities/pgfkeys.code.tex
\pgfkeys@pathtoks=\toks30
\pgfkeys@temptoks=\toks31

(/usr/share/texlive/texmf-dist/tex/generic/pgf/utilities/pgfkeysfiltered.code.t
ex
\pgfkeys@tmptoks=\toks32
))
\pgf@x=\dimen137
\pgf@y=\dimen138
\pgf@xa=\dimen139
\pgf@ya=\dimen140
\pgf@xb=\dimen141
\pgf@yb=\dimen142
\pgf@xc=\dimen143
\pgf@yc=\dimen144
\w@pgf@writea=\write3
\r@pgf@reada=\read1
\c@pgf@counta=\count137
\c@pgf@countb=\count138
\c@pgf@countc=\count139
\c@pgf@countd=\count140
\t@pgf@toka=\toks33
\t@pgf@tokb=\toks34
\t@pgf@tokc=\toks35
 (/usr/share/texlive/texmf-dist/tex/generic/pgf/systemlayer/pgf.cfg
File: pgf.cfg 2008/05/14  (rcs-revision 1.7)
)
Driver file for pgf: pgfsys-pdftex.def

(/usr/share/texlive/texmf-dist/tex/generic/pgf/systemlayer/pgfsys-pdftex.def
File: pgfsys-pdftex.def 2014/10/11  (rcs-revision 1.35)

(/usr/share/texlive/texmf-dist/tex/generic/pgf/systemlayer/pgfsys-common-pdf.de
f
File: pgfsys-common-pdf.def 2013/10/10  (rcs-revision 1.13)
)))
(/usr/share/texlive/texmf-dist/tex/generic/pgf/systemlayer/pgfsyssoftpath.code.
tex
File: pgfsyssoftpath.code.tex 2013/09/09  (rcs-revision 1.9)
\pgfsyssoftpath@smallbuffer@items=\count141
\pgfsyssoftpath@bigbuffer@items=\count142
)
(/usr/share/texlive/texmf-dist/tex/generic/pgf/systemlayer/pgfsysprotocol.code.
tex
File: pgfsysprotocol.code.tex 2006/10/16  (rcs-revision 1.4)
))
(/usr/share/texlive/texmf-dist/tex/generic/pgf/basiclayer/pgfcore.code.tex
Package: pgfcore 2010/04/11 v3.0.1a (rcs-revision 1.7)

(/usr/share/texlive/texmf-dist/tex/generic/pgf/math/pgfmath.code.tex
(/usr/share/texlive/texmf-dist/tex/generic/pgf/math/pgfmathcalc.code.tex
(/usr/share/texlive/texmf-dist/tex/generic/pgf/math/pgfmathutil.code.tex)
(/usr/share/texlive/texmf-dist/tex/generic/pgf/math/pgfmathparser.code.tex
\pgfmath@dimen=\dimen145
\pgfmath@count=\count143
\pgfmath@box=\box59
\pgfmath@toks=\toks36
\pgfmath@stack@operand=\toks37
\pgfmath@stack@operation=\toks38
)
(/usr/share/texlive/texmf-dist/tex/generic/pgf/math/pgfmathfunctions.code.tex
(/usr/share/texlive/texmf-dist/tex/generic/pgf/math/pgfmathfunctions.basic.code
.tex)
(/usr/share/texlive/texmf-dist/tex/generic/pgf/math/pgfmathfunctions.trigonomet
ric.code.tex)
(/usr/share/texlive/texmf-dist/tex/generic/pgf/math/pgfmathfunctions.random.cod
e.tex)
(/usr/share/texlive/texmf-dist/tex/generic/pgf/math/pgfmathfunctions.comparison
.code.tex)
(/usr/share/texlive/texmf-dist/tex/generic/pgf/math/pgfmathfunctions.base.code.
tex)
(/usr/share/texlive/texmf-dist/tex/generic/pgf/math/pgfmathfunctions.round.code
.tex)
(/usr/share/texlive/texmf-dist/tex/generic/pgf/math/pgfmathfunctions.misc.code.
tex)
(/usr/share/texlive/texmf-dist/tex/generic/pgf/math/pgfmathfunctions.integerari
thmetics.code.tex)))
(/usr/share/texlive/texmf-dist/tex/generic/pgf/math/pgfmathfloat.code.tex
\c@pgfmathroundto@lastzeros=\count144
))
(/usr/share/texlive/texmf-dist/tex/generic/pgf/basiclayer/pgfcorepoints.code.te
x
File: pgfcorepoints.code.tex 2013/10/07  (rcs-revision 1.27)
\pgf@picminx=\dimen146
\pgf@picmaxx=\dimen147
\pgf@picminy=\dimen148
\pgf@picmaxy=\dimen149
\pgf@pathminx=\dimen150
\pgf@pathmaxx=\dimen151
\pgf@pathminy=\dimen152
\pgf@pathmaxy=\dimen153
\pgf@xx=\dimen154
\pgf@xy=\dimen155
\pgf@yx=\dimen156
\pgf@yy=\dimen157
\pgf@zx=\dimen158
\pgf@zy=\dimen159
)
(/usr/share/texlive/texmf-dist/tex/generic/pgf/basiclayer/pgfcorepathconstruct.
code.tex
File: pgfcorepathconstruct.code.tex 2013/10/07  (rcs-revision 1.29)
\pgf@path@lastx=\dimen160
\pgf@path@lasty=\dimen161
)
(/usr/share/texlive/texmf-dist/tex/generic/pgf/basiclayer/pgfcorepathusage.code
.tex
File: pgfcorepathusage.code.tex 2014/11/02  (rcs-revision 1.24)
\pgf@shorten@end@additional=\dimen162
\pgf@shorten@start@additional=\dimen163
)
(/usr/share/texlive/texmf-dist/tex/generic/pgf/basiclayer/pgfcorescopes.code.te
x
File: pgfcorescopes.code.tex 2015/05/08  (rcs-revision 1.46)
\pgfpic=\box60
\pgf@hbox=\box61
\pgf@layerbox@main=\box62
\pgf@picture@serial@count=\count145
)
(/usr/share/texlive/texmf-dist/tex/generic/pgf/basiclayer/pgfcoregraphicstate.c
ode.tex
File: pgfcoregraphicstate.code.tex 2014/11/02  (rcs-revision 1.12)
\pgflinewidth=\dimen164
)
(/usr/share/texlive/texmf-dist/tex/generic/pgf/basiclayer/pgfcoretransformation
s.code.tex
File: pgfcoretransformations.code.tex 2015/08/07  (rcs-revision 1.20)
\pgf@pt@x=\dimen165
\pgf@pt@y=\dimen166
\pgf@pt@temp=\dimen167
)
(/usr/share/texlive/texmf-dist/tex/generic/pgf/basiclayer/pgfcorequick.code.tex
File: pgfcorequick.code.tex 2008/10/09  (rcs-revision 1.3)
)
(/usr/share/texlive/texmf-dist/tex/generic/pgf/basiclayer/pgfcoreobjects.code.t
ex
File: pgfcoreobjects.code.tex 2006/10/11  (rcs-revision 1.2)
)
(/usr/share/texlive/texmf-dist/tex/generic/pgf/basiclayer/pgfcorepathprocessing
.code.tex
File: pgfcorepathprocessing.code.tex 2013/09/09  (rcs-revision 1.9)
)
(/usr/share/texlive/texmf-dist/tex/generic/pgf/basiclayer/pgfcorearrows.code.te
x
File: pgfcorearrows.code.tex 2015/05/14  (rcs-revision 1.43)
\pgfarrowsep=\dimen168
)
(/usr/share/texlive/texmf-dist/tex/generic/pgf/basiclayer/pgfcoreshade.code.tex
File: pgfcoreshade.code.tex 2013/07/15  (rcs-revision 1.15)
\pgf@max=\dimen169
\pgf@sys@shading@range@num=\count146
)
(/usr/share/texlive/texmf-dist/tex/generic/pgf/basiclayer/pgfcoreimage.code.tex
File: pgfcoreimage.code.tex 2013/07/15  (rcs-revision 1.18)

(/usr/share/texlive/texmf-dist/tex/generic/pgf/basiclayer/pgfcoreexternal.code.
tex
File: pgfcoreexternal.code.tex 2014/07/09  (rcs-revision 1.21)
\pgfexternal@startupbox=\box63
))
(/usr/share/texlive/texmf-dist/tex/generic/pgf/basiclayer/pgfcorelayers.code.te
x
File: pgfcorelayers.code.tex 2013/07/18  (rcs-revision 1.7)
)
(/usr/share/texlive/texmf-dist/tex/generic/pgf/basiclayer/pgfcoretransparency.c
ode.tex
File: pgfcoretransparency.code.tex 2013/09/30  (rcs-revision 1.5)
)
(/usr/share/texlive/texmf-dist/tex/generic/pgf/basiclayer/pgfcorepatterns.code.
tex
File: pgfcorepatterns.code.tex 2013/11/07  (rcs-revision 1.5)
)))
(/usr/share/texlive/texmf-dist/tex/generic/pgf/modules/pgfmoduleshapes.code.tex
File: pgfmoduleshapes.code.tex 2014/03/21  (rcs-revision 1.35)
\pgfnodeparttextbox=\box64
) (/usr/share/texlive/texmf-dist/tex/generic/pgf/modules/pgfmoduleplot.code.tex
File: pgfmoduleplot.code.tex 2015/08/03  (rcs-revision 1.13)
)
(/usr/share/texlive/texmf-dist/tex/latex/pgf/compatibility/pgfcomp-version-0-65
.sty
Package: pgfcomp-version-0-65 2007/07/03 v3.0.1a (rcs-revision 1.7)
\pgf@nodesepstart=\dimen170
\pgf@nodesepend=\dimen171
)
(/usr/share/texlive/texmf-dist/tex/latex/pgf/compatibility/pgfcomp-version-1-18
.sty
Package: pgfcomp-version-1-18 2007/07/23 v3.0.1a (rcs-revision 1.1)
)) (/usr/share/texlive/texmf-dist/tex/latex/pgf/utilities/pgffor.sty
(/usr/share/texlive/texmf-dist/tex/latex/pgf/utilities/pgfkeys.sty
(/usr/share/texlive/texmf-dist/tex/generic/pgf/utilities/pgfkeys.code.tex))
(/usr/share/texlive/texmf-dist/tex/latex/pgf/math/pgfmath.sty
(/usr/share/texlive/texmf-dist/tex/generic/pgf/math/pgfmath.code.tex))
(/usr/share/texlive/texmf-dist/tex/generic/pgf/utilities/pgffor.code.tex
Package: pgffor 2013/12/13 v3.0.1a (rcs-revision 1.25)

(/usr/share/texlive/texmf-dist/tex/generic/pgf/math/pgfmath.code.tex)
\pgffor@iter=\dimen172
\pgffor@skip=\dimen173
\pgffor@stack=\toks39
\pgffor@toks=\toks40
))
(/usr/share/texlive/texmf-dist/tex/generic/pgf/frontendlayer/tikz/tikz.code.tex
Package: tikz 2015/08/07 v3.0.1a (rcs-revision 1.151)

(/usr/share/texlive/texmf-dist/tex/generic/pgf/libraries/pgflibraryplothandlers
.code.tex
File: pgflibraryplothandlers.code.tex 2013/08/31 v3.0.1a (rcs-revision 1.20)
\pgf@plot@mark@count=\count147
\pgfplotmarksize=\dimen174
)
\tikz@lastx=\dimen175
\tikz@lasty=\dimen176
\tikz@lastxsaved=\dimen177
\tikz@lastysaved=\dimen178
\tikzleveldistance=\dimen179
\tikzsiblingdistance=\dimen180
\tikz@figbox=\box65
\tikz@figbox@bg=\box66
\tikz@tempbox=\box67
\tikz@tempbox@bg=\box68
\tikztreelevel=\count148
\tikznumberofchildren=\count149
\tikznumberofcurrentchild=\count150
\tikz@fig@count=\count151

(/usr/share/texlive/texmf-dist/tex/generic/pgf/modules/pgfmodulematrix.code.tex
File: pgfmodulematrix.code.tex 2013/09/17  (rcs-revision 1.8)
\pgfmatrixcurrentrow=\count152
\pgfmatrixcurrentcolumn=\count153
\pgf@matrix@numberofcolumns=\count154
)
\tikz@expandcount=\count155

(/usr/share/texlive/texmf-dist/tex/generic/pgf/frontendlayer/tikz/libraries/tik
zlibrarytopaths.code.tex
File: tikzlibrarytopaths.code.tex 2008/06/17 v3.0.1a (rcs-revision 1.2)
)))
(/usr/share/texlive/texmf-dist/tex/generic/pgf/frontendlayer/tikz/libraries/tik
zlibrarypositioning.code.tex
File: tikzlibrarypositioning.code.tex 2008/10/06 v3.0.1a (rcs-revision 1.7)
)
\c@@todonotes@numberoftodonotes=\count156
) (./LMT_Thesis.aux (./StatementsEN.aux)
(./Abstract.aux) (./Introduction.aux) (./TheoreticalBackground.aux

LaTeX Warning: Label `crf' multiply defined.

) (./Approach.aux) (./ExperimentsAndDiscussion.aux) (./Conclusions.aux)
(./Appendix.aux))
\openout1 = `LMT_Thesis.aux'.

LaTeX Font Info:    Checking defaults for OML/cmm/m/it on input line 83.
LaTeX Font Info:    ... okay on input line 83.
LaTeX Font Info:    Checking defaults for T1/cmr/m/n on input line 83.
LaTeX Font Info:    ... okay on input line 83.
LaTeX Font Info:    Checking defaults for OT1/cmr/m/n on input line 83.
LaTeX Font Info:    ... okay on input line 83.
LaTeX Font Info:    Checking defaults for OMS/cmsy/m/n on input line 83.
LaTeX Font Info:    ... okay on input line 83.
LaTeX Font Info:    Checking defaults for OMX/cmex/m/n on input line 83.
LaTeX Font Info:    ... okay on input line 83.
LaTeX Font Info:    Checking defaults for U/cmr/m/n on input line 83.
LaTeX Font Info:    ... okay on input line 83.
LaTeX Font Info:    Checking defaults for PD1/pdf/m/n on input line 83.
LaTeX Font Info:    ... okay on input line 83.
 (/usr/share/texlive/texmf-dist/tex/context/base/supp-pdf.mkii
[Loading MPS to PDF converter (version 2006.09.02).]
\scratchcounter=\count157
\scratchdimen=\dimen181
\scratchbox=\box69
\nofMPsegments=\count158
\nofMParguments=\count159
\everyMPshowfont=\toks41
\MPscratchCnt=\count160
\MPscratchDim=\dimen182
\MPnumerator=\count161
\makeMPintoPDFobject=\count162
\everyMPtoPDFconversion=\toks42
) (/usr/share/texlive/texmf-dist/tex/latex/oberdiek/epstopdf-base.sty
Package: epstopdf-base 2010/02/09 v2.5 Base part for package epstopdf

(/usr/share/texlive/texmf-dist/tex/latex/oberdiek/grfext.sty
Package: grfext 2010/08/19 v1.1 Manage graphics extensions (HO)
)
Package grfext Info: Graphics extension search list:
(grfext)             [.png,.pdf,.jpg,.mps,.jpeg,.jbig2,.jb2,.PNG,.PDF,.JPG,.JPE
G,.JBIG2,.JB2,.eps]
(grfext)             \AppendGraphicsExtensions on input line 452.

(/usr/share/texlive/texmf-dist/tex/latex/latexconfig/epstopdf-sys.cfg
File: epstopdf-sys.cfg 2010/07/13 v1.3 Configuration of (r)epstopdf for TeX Liv
e
))
\AtBeginShipoutBox=\box70

(/usr/share/texlive/texmf-dist/tex/latex/oberdiek/pdflscape.sty
Package: pdflscape 2008/08/11 v0.10 Display of landscape pages in PDF (HO)

(/usr/share/texlive/texmf-dist/tex/latex/graphics/lscape.sty
Package: lscape 2000/10/22 v3.01 Landscape Pages (DPC)
)
Package pdflscape Info: Auto-detected driver: pdftex on input line 80.
)
Package hyperref Info: Link coloring OFF on input line 83.

(/usr/share/texlive/texmf-dist/tex/latex/hyperref/nameref.sty
Package: nameref 2012/10/27 v2.43 Cross-referencing by name of section

(/usr/share/texlive/texmf-dist/tex/generic/oberdiek/gettitlestring.sty
Package: gettitlestring 2010/12/03 v1.4 Cleanup title references (HO)
)
\c@section@level=\count163
)
LaTeX Info: Redefining \ref on input line 83.
LaTeX Info: Redefining \pageref on input line 83.
LaTeX Info: Redefining \nameref on input line 83.

(./LMT_Thesis.out) (./LMT_Thesis.out)
\@outlinefile=\write4
\openout4 = `LMT_Thesis.out'.

 ABD: EveryShipout initializing macros
<figures/TUMLogo_oZ_Outline_schwarz_CMYK.pdf, id=179, 53.24391pt x 28.41014pt>
File: figures/TUMLogo_oZ_Outline_schwarz_CMYK.pdf Graphic file (type pdf)

<use figures/TUMLogo_oZ_Outline_schwarz_CMYK.pdf>
Package pdftex.def Info: figures/TUMLogo_oZ_Outline_schwarz_CMYK.pdf used on in
put line 84.
(pdftex.def)             Requested size: 113.81102pt x 60.72942pt.
LaTeX Font Info:    Try loading font information for U+msa on input line 84.

(/usr/share/texlive/texmf-dist/tex/latex/amsfonts/umsa.fd
File: umsa.fd 2013/01/14 v3.01 AMS symbols A
)
LaTeX Font Info:    Try loading font information for U+msb on input line 84.

(/usr/share/texlive/texmf-dist/tex/latex/amsfonts/umsb.fd
File: umsb.fd 2013/01/14 v3.01 AMS symbols B
)
Package babel Info: Redefining ngerman shorthand "|
(babel)             in language  on input line 84.
Package babel Info: Redefining ngerman shorthand "~
(babel)             in language  on input line 84.
Package babel Info: Redefining ngerman shorthand "|
(babel)             in language  on input line 84.
Package babel Info: Redefining ngerman shorthand "~
(babel)             in language  on input line 84.
 [1

{/var/lib/texmf/fonts/map/pdftex/updmap/pdftex.map} <./figures/TUMLogo_oZ_Outli
ne_schwarz_CMYK.pdf>]
\openout2 = `StatementsEN.aux'.

 (./StatementsEN.tex
Underfull \hbox (badness 10000) in paragraph at lines 24--25

 []


Underfull \hbox (badness 10000) in paragraph at lines 26--27

 []

) [1

]
\openout2 = `Abstract.aux'.

 (./Abstract.tex) [1


] (./LMT_Thesis.toc [2


])
\tf@toc=\write5
\openout5 = `LMT_Thesis.toc'.

 [3]
\openout2 = `Introduction.aux'.

 (./Introduction.tex
Chapter 1.
pdfTeX warning (ext4): destination with the same identifier (name{page.1}) has 
been already used, duplicate ignored
<to be read again> 
                   \relax 
l.15 
      [1


] [2] [3]
Underfull \hbox (badness 10000) in paragraph at lines 54--56
[]\OT1/cmr/m/n/12 There are some al-ter-na-tives to MCMC, one pop-u-lar one is 
vari-a-tional
 []

[4] [5]
LaTeX Font Info:    Try loading font information for OMS+cmr on input line 75.
 (/usr/share/texlive/texmf-dist/tex/latex/base/omscmr.fd
File: omscmr.fd 2014/09/29 v2.5h Standard LaTeX font definitions
)
LaTeX Font Info:    Font shape `OMS/cmr/m/n' in size <12> not available
(Font)              Font shape `OMS/cmsy/m/n' tried instead on input line 75.
) [6]
\openout2 = `TheoreticalBackground.aux'.


(./TheoreticalBackground.tex
Chapter 2.
[7



] [8]
Package epstopdf Info: Source file: <figures/dnn_bnn.eps>
(epstopdf)                    date: 2019-03-30 20:20:21
(epstopdf)                    size: 176376 bytes
(epstopdf)             Output file: <figures/dnn_bnn-eps-converted-to.pdf>
(epstopdf)                    date: 2019-03-30 20:20:21
(epstopdf)                    size: 26228 bytes
(epstopdf)             Command: <repstopdf --outfile=figures/dnn_bnn-eps-conver
ted-to.pdf figures/dnn_bnn.eps>
(epstopdf)             \includegraphics on input line 56.
Package epstopdf Info: Output file is already uptodate.


pdfTeX warning: /usr/bin/pdflatex (file ./figures/dnn_bnn-eps-converted-to.pdf)
: PDF inclusion: found PDF version <1.7>, but at most version <1.5> allowed
<figures/dnn_bnn-eps-converted-to.pdf, id=417, 796.9775pt x 597.23125pt>
File: figures/dnn_bnn-eps-converted-to.pdf Graphic file (type pdf)

<use figures/dnn_bnn-eps-converted-to.pdf>
Package pdftex.def Info: figures/dnn_bnn-eps-converted-to.pdf used on input lin
e 56.
(pdftex.def)             Requested size: 341.42891pt x 258.91864pt.
 [9pdfTeX warning (ext4): destination with the same identifier (name{figure.2.1
}) has been already used, duplicate ignored

\AtBegShi@Output ...ipout \box \AtBeginShipoutBox 
                                                  \fi \fi 
l.64 
      <./figures/dnn_bnn-eps-converted-to.pdf>] [10]
<figures/dropout.png, id=436, 1034.86626pt x 578.16pt>
File: figures/dropout.png Graphic file (type png)

<use figures/dropout.png>
Package pdftex.def Info: figures/dropout.png used on input line 119.
(pdftex.def)             Requested size: 369.88292pt x 199.16547pt.
 [11]
Package epstopdf Info: Source file: <figures/dropout_inference.eps>
(epstopdf)                    date: 2019-03-30 20:20:21
(epstopdf)                    size: 12943 bytes
(epstopdf)             Output file: <figures/dropout_inference-eps-converted-to
.pdf>
(epstopdf)                    date: 2019-03-30 20:20:21
(epstopdf)                    size: 7549 bytes
(epstopdf)             Command: <repstopdf --outfile=figures/dropout_inference-
eps-converted-to.pdf figures/dropout_inference.eps>
(epstopdf)             \includegraphics on input line 133.
Package epstopdf Info: Output file is already uptodate.


pdfTeX warning: /usr/bin/pdflatex (file ./figures/dropout_inference-eps-convert
ed-to.pdf): PDF inclusion: found PDF version <1.7>, but at most version <1.5> a
llowed

<figures/dropout_inference-eps-converted-to.pdf, id=448, 796.9775pt x 597.23125
pt>
File: figures/dropout_inference-eps-converted-to.pdf Graphic file (type pdf)
 <use figures/dropout_inference-eps-converted-to.pdf>
Package pdftex.def Info: figures/dropout_inference-eps-converted-to.pdf used on
 input line 133.
(pdftex.def)             Requested size: 312.97244pt x 227.62459pt.


LaTeX Warning: `!h' float specifier changed to `!ht'.

[12pdfTeX warning (ext4): destination with the same identifier (name{figure.2.2
}) has been already used, duplicate ignored

\AtBegShi@Output ...ipout \box \AtBeginShipoutBox 
                                                  \fi \fi 
l.147 \[
         <./figures/dropout.png>] [13pdfTeX warning (ext4): destination with th
e same identifier (name{figure.2.3}) has been already used, duplicate ignored

\AtBegShi@Output ...ipout \box \AtBeginShipoutBox 
                                                  \fi \fi 
l.166 F
       rom the equation above, it can be derived: <./figures/dropout_inference-
eps-converted-to.pdf>]
LaTeX Font Info:    Try loading font information for U+bbm on input line 207.

(/usr/share/texlive/texmf-dist/tex/latex/bbm-macros/ubbm.fd
File: ubbm.fd 1999/03/15 V 1.2 Font definition for bbm font - TH
) [14] [15] [16]
[17] [18] [19]
Underfull \hbox (badness 10000) in paragraph at lines 357--358
 []\OT1/cmr/bx/n/12 Re-parameterization for Bernoulli dis-tri-bu-tion:[] \OT1/c
mr/m/n/12 Firstly, Gumbel-Max
 []

<figures/gumbel_max.png, id=550, 625.33624pt x 415.5525pt>
File: figures/gumbel_max.png Graphic file (type png)

<use figures/gumbel_max.png>
Package pdftex.def Info: figures/gumbel_max.png used on input line 367.
(pdftex.def)             Requested size: 199.16704pt x 142.26247pt.


LaTeX Warning: `!h' float specifier changed to `!ht'.

[20] <figures/gumbel_softmax.png, id=563, 634.37pt x 405.515pt>
File: figures/gumbel_softmax.png Graphic file (type png)

<use figures/gumbel_softmax.png>
Package pdftex.def Info: figures/gumbel_softmax.png used on input line 387.
(pdftex.def)             Requested size: 199.16937pt x 142.2665pt.
 [21pdfTeX warning (ext4): destination with the same identifier (name{figure.2.
4}) has been already used, duplicate ignored

\AtBegShi@Output ...ipout \box \AtBeginShipoutBox 
                                                  \fi \fi 
l.394 
      pdfTeX warning (ext4): destination with the same identifier (name{figure.
2.5}) has been already used, duplicate ignored

\AtBegShi@Output ...ipout \box \AtBeginShipoutBox 
                                                  \fi \fi 
l.394 
       <./figures/gumbel_max.png> <./figures/gumbel_softmax.png>]
<figures/bern_repa_.png, id=575, 1277.77374pt x 941.5175pt>
File: figures/bern_repa_.png Graphic file (type png)

<use figures/bern_repa_.png>
Package pdftex.def Info: figures/bern_repa_.png used on input line 418.
(pdftex.def)             Requested size: 298.75609pt x 199.16115pt.


LaTeX Warning: `!h' float specifier changed to `!ht'.

[22] [23pdfTeX warning (ext4): destination with the same identifier (name{figur
e.2.6}) has been already used, duplicate ignored

\AtBegShi@Output ...ipout \box \AtBeginShipoutBox 
                                                  \fi \fi 
l.444 	\item i
              t can capture relationship between model parameters. As mentio...
 <./figures/bern_repa_.png>] [24] [25] [26] [27] [28] [29]
Package epstopdf Info: Source file: <figures/crf.eps>
(epstopdf)                    date: 2019-04-13 15:40:12
(epstopdf)                    size: 141979 bytes
(epstopdf)             Output file: <figures/crf-eps-converted-to.pdf>
(epstopdf)                    date: 2019-04-13 15:40:16
(epstopdf)                    size: 10129 bytes
(epstopdf)             Command: <repstopdf --outfile=figures/crf-eps-converted-
to.pdf figures/crf.eps>
(epstopdf)             \includegraphics on input line 634.
Package epstopdf Info: Output file is already uptodate.


pdfTeX warning: /usr/bin/pdflatex (file ./figures/crf-eps-converted-to.pdf): PD
F inclusion: found PDF version <1.7>, but at most version <1.5> allowed
<figures/crf-eps-converted-to.pdf, id=650, 796.9775pt x 597.23125pt>
File: figures/crf-eps-converted-to.pdf Graphic file (type pdf)

<use figures/crf-eps-converted-to.pdf>
Package pdftex.def Info: figures/crf-eps-converted-to.pdf used on input line 63
4.
(pdftex.def)             Requested size: 312.97244pt x 227.62459pt.
 [30pdfTeX warning (ext4): destination with the same identifier (name{figure.2.
7}) has been already used, duplicate ignored

\AtBegShi@Output ...ipout \box \AtBeginShipoutBox 
                                                  \fi \fi 
l.650 
       <./figures/crf-eps-converted-to.pdf>] [31] [32]) [33]
\openout2 = `Approach.aux'.

 (./Approach.tex
Chapter 3.
[34



] <figures/cdp_dropout1.png, id=705, 1016.79875pt x 347.2975pt>
File: figures/cdp_dropout1.png Graphic file (type png)

<use figures/cdp_dropout1.png>
Package pdftex.def Info: figures/cdp_dropout1.png used on input line 27.
(pdftex.def)             Requested size: 312.97018pt x 113.80832pt.

<figures/cdp_dropout2.png, id=706, 1025.8325pt x 343.2825pt>
File: figures/cdp_dropout2.png Graphic file (type png)

<use figures/cdp_dropout2.png>
Package pdftex.def Info: figures/cdp_dropout2.png used on input line 34.
(pdftex.def)             Requested size: 312.98021pt x 113.80737pt.
Package epstopdf Info: Source file: <figures/multi-drop.eps>
(epstopdf)                    date: 2019-03-30 20:20:21
(epstopdf)                    size: 12944 bytes
(epstopdf)             Output file: <figures/multi-drop-eps-converted-to.pdf>
(epstopdf)                    date: 2019-03-30 20:20:21
(epstopdf)                    size: 7575 bytes
(epstopdf)             Command: <repstopdf --outfile=figures/multi-drop-eps-con
verted-to.pdf figures/multi-drop.eps>
(epstopdf)             \includegraphics on input line 42.
Package epstopdf Info: Output file is already uptodate.


pdfTeX warning: /usr/bin/pdflatex (file ./figures/multi-drop-eps-converted-to.p
df): PDF inclusion: found PDF version <1.7>, but at most version <1.5> allowed
<figures/multi-drop-eps-converted-to.pdf, id=707, 796.9775pt x 597.23125pt>
File: figures/multi-drop-eps-converted-to.pdf Graphic file (type pdf)

<use figures/multi-drop-eps-converted-to.pdf>
Package pdftex.def Info: figures/multi-drop-eps-converted-to.pdf used on input 
line 42.
(pdftex.def)             Requested size: 312.9803pt x 234.53224pt.
 [35pdfTeX warning (ext4): destination with the same identifier (name{figure.3.
1}) has been already used, duplicate ignored

\AtBegShi@Output ...ipout \box \AtBeginShipoutBox 
                                                  \fi \fi 
l.47 
     pdfTeX warning (ext4): destination with the same identifier (name{figure.3
.2}) has been already used, duplicate ignored

\AtBegShi@Output ...ipout \box \AtBeginShipoutBox 
                                                  \fi \fi 
l.47 
      <./figures/cdp_dropout1.png> <./figures/cdp_dropout2.png>] [36pdfTeX warn
ing (ext4): destination with the same identifier (name{figure.3.3}) has been al
ready used, duplicate ignored

\AtBegShi@Output ...ipout \box \AtBeginShipoutBox 
                                                  \fi \fi 
l.56 \end{itemize}
                   <./figures/multi-drop-eps-converted-to.pdf>]
Package epstopdf Info: Source file: <figures/m_network.eps>
(epstopdf)                    date: 2019-04-22 21:59:35
(epstopdf)                    size: 424329 bytes
(epstopdf)             Output file: <figures/m_network-eps-converted-to.pdf>
(epstopdf)                    date: 2019-04-22 21:59:35
(epstopdf)                    size: 65193 bytes
(epstopdf)             Command: <repstopdf --outfile=figures/m_network-eps-conv
erted-to.pdf figures/m_network.eps>
(epstopdf)             \includegraphics on input line 63.
Package epstopdf Info: Output file is already uptodate.

<figures/m_network-eps-converted-to.pdf, id=723, 796.9775pt x 447.6725pt>
File: figures/m_network-eps-converted-to.pdf Graphic file (type pdf)

<use figures/m_network-eps-converted-to.pdf>
Package pdftex.def Info: figures/m_network-eps-converted-to.pdf used on input l
ine 63.
(pdftex.def)             Requested size: 441.01436pt x 241.85567pt.
 [37pdfTeX warning (ext4): destination with the same identifier (name{figure.3.
4}) has been already used, duplicate ignored

\AtBegShi@Output ...ipout \box \AtBeginShipoutBox 
                                                  \fi \fi 
l.71 
      <./figures/m_network-eps-converted-to.pdf>]
Package epstopdf Info: Source file: <figures/combined_crf.eps>
(epstopdf)                    date: 2019-04-18 22:06:25
(epstopdf)                    size: 6154976 bytes
(epstopdf)             Output file: <figures/combined_crf-eps-converted-to.pdf>

(epstopdf)                    date: 2019-04-18 22:06:25
(epstopdf)                    size: 440579 bytes
(epstopdf)             Command: <repstopdf --outfile=figures/combined_crf-eps-c
onverted-to.pdf figures/combined_crf.eps>
(epstopdf)             \includegraphics on input line 77.
Package epstopdf Info: Output file is already uptodate.

<figures/combined_crf-eps-converted-to.pdf, id=736, 796.9775pt x 447.6725pt>
File: figures/combined_crf-eps-converted-to.pdf Graphic file (type pdf)

<use figures/combined_crf-eps-converted-to.pdf>
Package pdftex.def Info: figures/combined_crf-eps-converted-to.pdf used on inpu
t line 77.
(pdftex.def)             Requested size: 426.78613pt x 227.62686pt.
 [38pdfTeX warning (ext4): destination with the same identifier (name{figure.3.
5}) has been already used, duplicate ignored

\AtBegShi@Output ...ipout \box \AtBeginShipoutBox 
                                                  \fi \fi 
l.84 
      <./figures/combined_crf-eps-converted-to.pdf>]
Package epstopdf Info: Source file: <figures/con_learn.eps>
(epstopdf)                    date: 2019-04-22 21:59:35
(epstopdf)                    size: 252168 bytes
(epstopdf)             Output file: <figures/con_learn-eps-converted-to.pdf>
(epstopdf)                    date: 2019-04-22 21:59:35
(epstopdf)                    size: 131734 bytes
(epstopdf)             Command: <repstopdf --outfile=figures/con_learn-eps-conv
erted-to.pdf figures/con_learn.eps>
(epstopdf)             \includegraphics on input line 88.
Package epstopdf Info: Output file is already uptodate.

<figures/con_learn-eps-converted-to.pdf, id=752, 796.9775pt x 447.6725pt>
File: figures/con_learn-eps-converted-to.pdf Graphic file (type pdf)

<use figures/con_learn-eps-converted-to.pdf>
Package pdftex.def Info: figures/con_learn-eps-converted-to.pdf used on input l
ine 88.
(pdftex.def)             Requested size: 469.47083pt x 284.53528pt.

Overfull \hbox (8.74959pt too wide) in paragraph at lines 88--89
 [] 
 []

) [39pdfTeX warning (ext4): destination with the same identifier (name{figure.3
.6}) has been already used, duplicate ignored

\AtBegShi@Output ...ipout \box \AtBeginShipoutBox 
                                                  \fi \fi 
l.101 \include{Approach}
                         <./figures/con_learn-eps-converted-to.pdf>]
\openout2 = `ExperimentsAndDiscussion.aux'.


(./ExperimentsAndDiscussion.tex
Chapter 4.
[40



] [41]
Package epstopdf Info: Source file: <figures/domain_diff.eps>
(epstopdf)                    date: 2019-03-30 12:16:03
(epstopdf)                    size: 9158461 bytes
(epstopdf)             Output file: <figures/domain_diff-eps-converted-to.pdf>
(epstopdf)                    date: 2019-03-30 12:16:03
(epstopdf)                    size: 299512 bytes
(epstopdf)             Command: <repstopdf --outfile=figures/domain_diff-eps-co
nverted-to.pdf figures/domain_diff.eps>
(epstopdf)             \includegraphics on input line 40.
Package epstopdf Info: Output file is already uptodate.


pdfTeX warning: /usr/bin/pdflatex (file ./figures/domain_diff-eps-converted-to.
pdf): PDF inclusion: found PDF version <1.7>, but at most version <1.5> allowed

<figures/domain_diff-eps-converted-to.pdf, id=789, 1513.655pt x 857.2025pt>
File: figures/domain_diff-eps-converted-to.pdf Graphic file (type pdf)

<use figures/domain_diff-eps-converted-to.pdf>
Package pdftex.def Info: figures/domain_diff-eps-converted-to.pdf used on input
 line 40.
(pdftex.def)             Requested size: 455.23174pt x 284.52576pt.
 [42]
Package epstopdf Info: Source file: <figures/not_in_wrgbd.eps>
(epstopdf)                    date: 2019-03-30 12:16:04
(epstopdf)                    size: 9586288 bytes
(epstopdf)             Output file: <figures/not_in_wrgbd-eps-converted-to.pdf>

(epstopdf)                    date: 2019-03-30 20:20:21
(epstopdf)                    size: 231514 bytes
(epstopdf)             Command: <repstopdf --outfile=figures/not_in_wrgbd-eps-c
onverted-to.pdf figures/not_in_wrgbd.eps>
(epstopdf)             \includegraphics on input line 48.
Package epstopdf Info: Output file is already uptodate.


pdfTeX warning: /usr/bin/pdflatex (file ./figures/not_in_wrgbd-eps-converted-to
.pdf): PDF inclusion: found PDF version <1.7>, but at most version <1.5> allowe
d
<figures/not_in_wrgbd-eps-converted-to.pdf, id=801, 1513.655pt x 857.2025pt>
File: figures/not_in_wrgbd-eps-converted-to.pdf Graphic file (type pdf)

<use figures/not_in_wrgbd-eps-converted-to.pdf>
Package pdftex.def Info: figures/not_in_wrgbd-eps-converted-to.pdf used on inpu
t line 48.
(pdftex.def)             Requested size: 341.43535pt x 199.16672pt.
Package epstopdf Info: Source file: <figures/tless_trn_test.eps>
(epstopdf)                    date: 2019-04-13 10:46:05
(epstopdf)                    size: 8161243 bytes
(epstopdf)             Output file: <figures/tless_trn_test-eps-converted-to.pd
f>
(epstopdf)                    date: 2019-04-13 10:46:05
(epstopdf)                    size: 275666 bytes
(epstopdf)             Command: <repstopdf --outfile=figures/tless_trn_test-eps
-converted-to.pdf figures/tless_trn_test.eps>
(epstopdf)             \includegraphics on input line 56.
Package epstopdf Info: Output file is already uptodate.

<figures/tless_trn_test-eps-converted-to.pdf, id=802, 1513.655pt x 857.2025pt>
File: figures/tless_trn_test-eps-converted-to.pdf Graphic file (type pdf)

<use figures/tless_trn_test-eps-converted-to.pdf>
Package pdftex.def Info: figures/tless_trn_test-eps-converted-to.pdf used on in
put line 56.
(pdftex.def)             Requested size: 384.11766pt x 227.61537pt.
 [43pdfTeX warning (ext4): destination with the same identifier (name{figure.4.
1}) has been already used, duplicate ignored

\AtBegShi@Output ...ipout \box \AtBeginShipoutBox 
                                                  \fi \fi 
l.61 
     pdfTeX warning (ext4): destination with the same identifier (name{figure.4
.2}) has been already used, duplicate ignored

\AtBegShi@Output ...ipout \box \AtBeginShipoutBox 
                                                  \fi \fi 
l.61 
      <./figures/domain_diff-eps-converted-to.pdf> <./figures/not_in_wrgbd-eps-
converted-to.pdf>]
Package epstopdf Info: Source file: <figures/tless_domain_diff.eps>
(epstopdf)                    date: 2019-04-13 10:46:05
(epstopdf)                    size: 8232208 bytes
(epstopdf)             Output file: <figures/tless_domain_diff-eps-converted-to
.pdf>
(epstopdf)                    date: 2019-04-13 10:46:05
(epstopdf)                    size: 353982 bytes
(epstopdf)             Command: <repstopdf --outfile=figures/tless_domain_diff-
eps-converted-to.pdf figures/tless_domain_diff.eps>
(epstopdf)             \includegraphics on input line 64.
Package epstopdf Info: Output file is already uptodate.

<figures/tless_domain_diff-eps-converted-to.pdf, id=942, 1513.655pt x 857.2025p
t>
File: figures/tless_domain_diff-eps-converted-to.pdf Graphic file (type pdf)
 <use figures/tless_domain_diff-eps-converted-to.pdf>
Package pdftex.def Info: figures/tless_domain_diff-eps-converted-to.pdf used on
 input line 64.
(pdftex.def)             Requested size: 455.23174pt x 256.0771pt.
 [44pdfTeX warning (ext4): destination with the same identifier (name{figure.4.
3}) has been already used, duplicate ignored

\AtBegShi@Output ...ipout \box \AtBeginShipoutBox 
                                                  \fi \fi 
l.72 \paragraph
               {Confidence} is defined as the maximum probability of the out...
pdfTeX warning (ext4): destination with the same identifier (name{figure.4.4}) 
has been already used, duplicate ignored

\AtBegShi@Output ...ipout \box \AtBeginShipoutBox 
                                                  \fi \fi 
l.72 \paragraph
               {Confidence} is defined as the maximum probability of the out...
 <./figures/tless_trn_test-eps-converted-to.pdf> <./figures/tless_domain_diff-e
ps-converted-to.pdf>] [45] [46] [47] [48]

Package hyperref Warning: Token not allowed in a PDF string (PDFDocEncoding):
(hyperref)                removing `\uppercase' on input line 167.

[49]
Package epstopdf Info: Source file: <figures/uncertainty_estimation/exp1/exp1_h
isto.eps>
(epstopdf)                    date: 2019-04-18 22:06:25
(epstopdf)                    size: 251192 bytes
(epstopdf)             Output file: <figures/uncertainty_estimation/exp1/exp1_h
isto-eps-converted-to.pdf>
(epstopdf)                    date: 2019-04-18 22:06:25
(epstopdf)                    size: 32304 bytes
(epstopdf)             Command: <repstopdf --outfile=figures/uncertainty_estima
tion/exp1/exp1_histo-eps-converted-to.pdf figures/uncertainty_estimation/exp1/e
xp1_histo.eps>
(epstopdf)             \includegraphics on input line 178.
Package epstopdf Info: Output file is already uptodate.

<figures/uncertainty_estimation/exp1/exp1_histo-eps-converted-to.pdf, id=1133, 
1513.655pt x 857.2025pt>
File: figures/uncertainty_estimation/exp1/exp1_histo-eps-converted-to.pdf Graph
ic file (type pdf)

<use figures/uncertainty_estimation/exp1/exp1_histo-eps-converted-to.pdf>
Package pdftex.def Info: figures/uncertainty_estimation/exp1/exp1_histo-eps-con
verted-to.pdf used on input line 178.
(pdftex.def)             Requested size: 426.77687pt x 227.61537pt.
Package epstopdf Info: Source file: <figures/uncertainty_estimation/exp1/exp1_r
eliability.eps>
(epstopdf)                    date: 2019-04-22 21:59:35
(epstopdf)                    size: 46673 bytes
(epstopdf)             Output file: <figures/uncertainty_estimation/exp1/exp1_r
eliability-eps-converted-to.pdf>
(epstopdf)                    date: 2019-04-22 21:59:35
(epstopdf)                    size: 24225 bytes
(epstopdf)             Command: <repstopdf --outfile=figures/uncertainty_estima
tion/exp1/exp1_reliability-eps-converted-to.pdf figures/uncertainty_estimation/
exp1/exp1_reliability.eps>
(epstopdf)             \includegraphics on input line 185.
Package epstopdf Info: Output file is already uptodate.

<figures/uncertainty_estimation/exp1/exp1_reliability-eps-converted-to.pdf, id=
1134, 1513.655pt x 857.2025pt>
File: figures/uncertainty_estimation/exp1/exp1_reliability-eps-converted-to.pdf
 Graphic file (type pdf)

<use figures/uncertainty_estimation/exp1/exp1_reliability-eps-converted-to.pdf>
Package pdftex.def Info: figures/uncertainty_estimation/exp1/exp1_reliability-e
ps-converted-to.pdf used on input line 185.
(pdftex.def)             Requested size: 312.98048pt x 170.71806pt.

Package hyperref Warning: Token not allowed in a PDF string (PDFDocEncoding):
(hyperref)                removing `\uppercase' on input line 191.

[50pdfTeX warning (ext4): destination with the same identifier (name{figure.4.5
}) has been already used, duplicate ignored

\AtBegShi@Output ...ipout \box \AtBeginShipoutBox 
                                                  \fi \fi 
l.193 
      pdfTeX warning (ext4): destination with the same identifier (name{figure.
4.6}) has been already used, duplicate ignored

\AtBegShi@Output ...ipout \box \AtBeginShipoutBox 
                                                  \fi \fi 
l.193 
       <./figures/uncertainty_estimation/exp1/exp1_histo-eps-converted-to.pdf> 
<./figures/uncertainty_estimation/exp1/exp1_reliability-eps-converted-to.pdf>]
[51] [52]
Package epstopdf Info: Source file: <figures/uncertainty_estimation/hist_seed3_
ensemble.eps>
(epstopdf)                    date: 2019-04-18 22:06:25
(epstopdf)                    size: 416865 bytes
(epstopdf)             Output file: <figures/uncertainty_estimation/hist_seed3_
ensemble-eps-converted-to.pdf>
(epstopdf)                    date: 2019-04-18 22:06:25
(epstopdf)                    size: 45227 bytes
(epstopdf)             Command: <repstopdf --outfile=figures/uncertainty_estima
tion/hist_seed3_ensemble-eps-converted-to.pdf figures/uncertainty_estimation/hi
st_seed3_ensemble.eps>
(epstopdf)             \includegraphics on input line 217.
Package epstopdf Info: Output file is already uptodate.

<figures/uncertainty_estimation/hist_seed3_ensemble-eps-converted-to.pdf, id=12
49, 1513.655pt x 857.2025pt>
File: figures/uncertainty_estimation/hist_seed3_ensemble-eps-converted-to.pdf G
raphic file (type pdf)

<use figures/uncertainty_estimation/hist_seed3_ensemble-eps-converted-to.pdf>
Package pdftex.def Info: figures/uncertainty_estimation/hist_seed3_ensemble-eps
-converted-to.pdf used on input line 217.
(pdftex.def)             Requested size: 455.23174pt x 298.75662pt.
Package epstopdf Info: Source file: <figures/uncertainty_estimation/reliability
_seed3_ensemble_.eps>
(epstopdf)                    date: 2019-04-18 22:06:25
(epstopdf)                    size: 171968 bytes
(epstopdf)             Output file: <figures/uncertainty_estimation/reliability
_seed3_ensemble_-eps-converted-to.pdf>
(epstopdf)                    date: 2019-04-18 22:06:25
(epstopdf)                    size: 49631 bytes
(epstopdf)             Command: <repstopdf --outfile=figures/uncertainty_estima
tion/reliability_seed3_ensemble_-eps-converted-to.pdf figures/uncertainty_estim
ation/reliability_seed3_ensemble_.eps>
(epstopdf)             \includegraphics on input line 225.
Package epstopdf Info: Output file is already uptodate.

<figures/uncertainty_estimation/reliability_seed3_ensemble_-eps-converted-to.pd
f, id=1250, 1497.595pt x 624.3325pt>
File: figures/uncertainty_estimation/reliability_seed3_ensemble_-eps-converted-
to.pdf Graphic file (type pdf)

<use figures/uncertainty_estimation/reliability_seed3_ensemble_-eps-converted-t
o.pdf>
Package pdftex.def Info: figures/uncertainty_estimation/reliability_seed3_ensem
ble_-eps-converted-to.pdf used on input line 225.
(pdftex.def)             Requested size: 455.2462pt x 170.7155pt.
Package epstopdf Info: Source file: <figures/uncertainty_estimation/roc_pr_seed
3_ensemble.eps>
(epstopdf)                    date: 2019-04-18 22:06:25
(epstopdf)                    size: 1034345 bytes
(epstopdf)             Output file: <figures/uncertainty_estimation/roc_pr_seed
3_ensemble-eps-converted-to.pdf>
(epstopdf)                    date: 2019-04-18 22:06:25
(epstopdf)                    size: 341523 bytes
(epstopdf)             Command: <repstopdf --outfile=figures/uncertainty_estima
tion/roc_pr_seed3_ensemble-eps-converted-to.pdf figures/uncertainty_estimation/
roc_pr_seed3_ensemble.eps>
(epstopdf)             \includegraphics on input line 233.
Package epstopdf Info: Output file is already uptodate.

<figures/uncertainty_estimation/roc_pr_seed3_ensemble-eps-converted-to.pdf, id=
1251, 1513.655pt x 857.2025pt>
File: figures/uncertainty_estimation/roc_pr_seed3_ensemble-eps-converted-to.pdf
 Graphic file (type pdf)

<use figures/uncertainty_estimation/roc_pr_seed3_ensemble-eps-converted-to.pdf>
Package pdftex.def Info: figures/uncertainty_estimation/roc_pr_seed3_ensemble-e
ps-converted-to.pdf used on input line 233.
(pdftex.def)             Requested size: 455.23174pt x 270.29489pt.
[53pdfTeX warning (ext4): destination with the same identifier (name{figure.4.7
}) has been already used, duplicate ignored

\AtBegShi@Output ...ipout \box \AtBeginShipoutBox 
                                                  \fi \fi 
l.238 
      pdfTeX warning (ext4): destination with the same identifier (name{figure.
4.8}) has been already used, duplicate ignored

\AtBegShi@Output ...ipout \box \AtBeginShipoutBox 
                                                  \fi \fi 
l.238 
       <./figures/uncertainty_estimation/hist_seed3_ensemble-eps-converted-to.p
df> <./figures/uncertainty_estimation/reliability_seed3_ensemble_-eps-converted
-to.pdf>] [54pdfTeX warning (ext4): destination with the same identifier (name{
figure.4.9}) has been already used, duplicate ignored

\AtBegShi@Output ...ipout \box \AtBeginShipoutBox 
                                                  \fi \fi 
l.255 
       <./figures/uncertainty_estimation/roc_pr_seed3_ensemble-eps-converted-to
.pdf>]
Overfull \hbox (3.45496pt too wide) in paragraph at lines 259--269
 [][] 
 []

[55pdfTeX warning (ext4): destination with the same identifier (name{table.4.1}
) has been already used, duplicate ignored

\AtBegShi@Output ...ipout \box \AtBeginShipoutBox 
                                                  \fi \fi 
l.277 
      ]
Package epstopdf Info: Source file: <figures/uncertainty_estimation/laplace/his
to_ood_seed3.eps>
(epstopdf)                    date: 2019-04-18 22:06:25
(epstopdf)                    size: 358422 bytes
(epstopdf)             Output file: <figures/uncertainty_estimation/laplace/his
to_ood_seed3-eps-converted-to.pdf>
(epstopdf)                    date: 2019-04-18 22:06:25
(epstopdf)                    size: 40033 bytes
(epstopdf)             Command: <repstopdf --outfile=figures/uncertainty_estima
tion/laplace/histo_ood_seed3-eps-converted-to.pdf figures/uncertainty_estimatio
n/laplace/histo_ood_seed3.eps>
(epstopdf)             \includegraphics on input line 280.
Package epstopdf Info: Output file is already uptodate.

<figures/uncertainty_estimation/laplace/histo_ood_seed3-eps-converted-to.pdf, i
d=1415, 1513.655pt x 857.2025pt>
File: figures/uncertainty_estimation/laplace/histo_ood_seed3-eps-converted-to.p
df Graphic file (type pdf)

<use figures/uncertainty_estimation/laplace/histo_ood_seed3-eps-converted-to.pd
f>
Package pdftex.def Info: figures/uncertainty_estimation/laplace/histo_ood_seed3
-eps-converted-to.pdf used on input line 280.
(pdftex.def)             Requested size: 426.77687pt x 284.52576pt.
Package epstopdf Info: Source file: <figures/uncertainty_estimation/laplace/rel
iabilty_seed3_.eps>
(epstopdf)                    date: 2019-04-18 22:06:25
(epstopdf)                    size: 150572 bytes
(epstopdf)             Output file: <figures/uncertainty_estimation/laplace/rel
iabilty_seed3_-eps-converted-to.pdf>
(epstopdf)                    date: 2019-04-18 22:06:25
(epstopdf)                    size: 44459 bytes
(epstopdf)             Command: <repstopdf --outfile=figures/uncertainty_estima
tion/laplace/reliabilty_seed3_-eps-converted-to.pdf figures/uncertainty_estimat
ion/laplace/reliabilty_seed3_.eps>
(epstopdf)             \includegraphics on input line 287.
Package epstopdf Info: Output file is already uptodate.

<figures/uncertainty_estimation/laplace/reliabilty_seed3_-eps-converted-to.pdf,
 id=1416, 1488.56125pt x 558.085pt>
File: figures/uncertainty_estimation/laplace/reliabilty_seed3_-eps-converted-to
.pdf Graphic file (type pdf)

<use figures/uncertainty_estimation/laplace/reliabilty_seed3_-eps-converted-to.
pdf>
Package pdftex.def Info: figures/uncertainty_estimation/laplace/reliabilty_seed
3_-eps-converted-to.pdf used on input line 287.
(pdftex.def)             Requested size: 455.24841pt x 170.71384pt.
 [56pdfTeX warning (ext4): destination with the same identifier (name{figure.4.
10}) has been already used, duplicate ignored

\AtBegShi@Output ...ipout \box \AtBeginShipoutBox 
                                                  \fi \fi 
l.292 
       <./figures/uncertainty_estimation/laplace/histo_ood_seed3-eps-converted-
to.pdf>]
Package epstopdf Info: Source file: <figures/uncertainty_estimation/laplace/roc
_pr_seed3.eps>
(epstopdf)                    date: 2019-04-18 22:06:25
(epstopdf)                    size: 859728 bytes
(epstopdf)             Output file: <figures/uncertainty_estimation/laplace/roc
_pr_seed3-eps-converted-to.pdf>
(epstopdf)                    date: 2019-04-18 22:06:25
(epstopdf)                    size: 269169 bytes
(epstopdf)             Command: <repstopdf --outfile=figures/uncertainty_estima
tion/laplace/roc_pr_seed3-eps-converted-to.pdf figures/uncertainty_estimation/l
aplace/roc_pr_seed3.eps>
(epstopdf)             \includegraphics on input line 297.
Package epstopdf Info: Output file is already uptodate.

<figures/uncertainty_estimation/laplace/roc_pr_seed3-eps-converted-to.pdf, id=1
466, 1513.655pt x 857.2025pt>
File: figures/uncertainty_estimation/laplace/roc_pr_seed3-eps-converted-to.pdf 
Graphic file (type pdf)

<use figures/uncertainty_estimation/laplace/roc_pr_seed3-eps-converted-to.pdf>
Package pdftex.def Info: figures/uncertainty_estimation/laplace/roc_pr_seed3-ep
s-converted-to.pdf used on input line 297.
(pdftex.def)             Requested size: 426.77687pt x 256.0771pt.

[57pdfTeX warning (ext4): destination with the same identifier (name{figure.4.1
1}) has been already used, duplicate ignored

\AtBegShi@Output ...ipout \box \AtBeginShipoutBox 
                                                  \fi \fi 
l.336 \end{table}
                 pdfTeX warning (ext4): destination with the same identifier (n
ame{figure.4.12}) has been already used, duplicate ignored

\AtBegShi@Output ...ipout \box \AtBeginShipoutBox 
                                                  \fi \fi 
l.336 \end{table}
                  <./figures/uncertainty_estimation/laplace/reliabilty_seed3_-e
ps-converted-to.pdf> <./figures/uncertainty_estimation/laplace/roc_pr_seed3-eps
-converted-to.pdf>] [58pdfTeX warning (ext4): destination with the same identif
ier (name{table.4.2}) has been already used, duplicate ignored

\AtBegShi@Output ...ipout \box \AtBeginShipoutBox 
                                                  \fi \fi 
l.342 B
       ased on these observations, we know that the underperformance of mdp ...
]
Package epstopdf Info: Source file: <figures/uncertainty_estimation/ablation_st
udy/histo_froFeat_ori_cdp_mdp_ood_seed3.eps>
(epstopdf)                    date: 2019-04-18 22:06:25
(epstopdf)                    size: 243854 bytes
(epstopdf)             Output file: <figures/uncertainty_estimation/ablation_st
udy/histo_froFeat_ori_cdp_mdp_ood_seed3-eps-converted-to.pdf>
(epstopdf)                    date: 2019-04-18 22:06:25
(epstopdf)                    size: 31769 bytes
(epstopdf)             Command: <repstopdf --outfile=figures/uncertainty_estima
tion/ablation_study/histo_froFeat_ori_cdp_mdp_ood_seed3-eps-converted-to.pdf fi
gures/uncertainty_estimation/ablation_study/histo_froFeat_ori_cdp_mdp_ood_seed3
.eps>
(epstopdf)             \includegraphics on input line 346.
Package epstopdf Info: Output file is already uptodate.

<figures/uncertainty_estimation/ablation_study/histo_froFeat_ori_cdp_mdp_ood_se
ed3-eps-converted-to.pdf, id=1536, 1513.655pt x 857.2025pt>
File: figures/uncertainty_estimation/ablation_study/histo_froFeat_ori_cdp_mdp_o
od_seed3-eps-converted-to.pdf Graphic file (type pdf)

<use figures/uncertainty_estimation/ablation_study/histo_froFeat_ori_cdp_mdp_oo
d_seed3-eps-converted-to.pdf>
Package pdftex.def Info: figures/uncertainty_estimation/ablation_study/histo_fr
oFeat_ori_cdp_mdp_ood_seed3-eps-converted-to.pdf used on input line 346.
(pdftex.def)             Requested size: 426.77687pt x 227.61537pt.
Package epstopdf Info: Source file: <figures/uncertainty_estimation/ablation_st
udy/reliability_froFeat_ori_cdp_mdp_combined_seed3_.eps>
(epstopdf)                    date: 2019-04-18 22:06:25
(epstopdf)                    size: 128525 bytes
(epstopdf)             Output file: <figures/uncertainty_estimation/ablation_st
udy/reliability_froFeat_ori_cdp_mdp_combined_seed3_-eps-converted-to.pdf>
(epstopdf)                    date: 2019-04-18 22:06:25
(epstopdf)                    size: 37743 bytes
(epstopdf)             Command: <repstopdf --outfile=figures/uncertainty_estima
tion/ablation_study/reliability_froFeat_ori_cdp_mdp_combined_seed3_-eps-convert
ed-to.pdf figures/uncertainty_estimation/ablation_study/reliability_froFeat_ori
_cdp_mdp_combined_seed3_.eps>
(epstopdf)             \includegraphics on input line 354.
Package epstopdf Info: Output file is already uptodate.

<figures/uncertainty_estimation/ablation_study/reliability_froFeat_ori_cdp_mdp_
combined_seed3_-eps-converted-to.pdf, id=1537, 1495.5875pt x 592.2125pt>
File: figures/uncertainty_estimation/ablation_study/reliability_froFeat_ori_cdp
_mdp_combined_seed3_-eps-converted-to.pdf Graphic file (type pdf)

<use figures/uncertainty_estimation/ablation_study/reliability_froFeat_ori_cdp_
mdp_combined_seed3_-eps-converted-to.pdf>
Package pdftex.def Info: figures/uncertainty_estimation/ablation_study/reliabil
ity_froFeat_ori_cdp_mdp_combined_seed3_-eps-converted-to.pdf used on input line
 354.
(pdftex.def)             Requested size: 426.79457pt x 170.71611pt.
 [59pdfTeX warning (ext4): destination with the same identifier (name{figure.4.
13}) has been already used, duplicate ignored

\AtBegShi@Output ...ipout \box \AtBeginShipoutBox 
                                                  \fi \fi 
l.359 
       <./figures/uncertainty_estimation/ablation_study/histo_froFeat_ori_cdp_m
dp_ood_seed3-eps-converted-to.pdf>]
Package epstopdf Info: Source file: <figures/uncertainty_estimation/ablation_st
udy/roc_pr_froFeat_ori_cdp_mdp_combined_seed3.eps>
(epstopdf)                    date: 2019-04-18 22:06:25
(epstopdf)                    size: 692804 bytes
(epstopdf)             Output file: <figures/uncertainty_estimation/ablation_st
udy/roc_pr_froFeat_ori_cdp_mdp_combined_seed3-eps-converted-to.pdf>
(epstopdf)                    date: 2019-04-18 22:06:25
(epstopdf)                    size: 221001 bytes
(epstopdf)             Command: <repstopdf --outfile=figures/uncertainty_estima
tion/ablation_study/roc_pr_froFeat_ori_cdp_mdp_combined_seed3-eps-converted-to.
pdf figures/uncertainty_estimation/ablation_study/roc_pr_froFeat_ori_cdp_mdp_co
mbined_seed3.eps>
(epstopdf)             \includegraphics on input line 363.
Package epstopdf Info: Output file is already uptodate.

<figures/uncertainty_estimation/ablation_study/roc_pr_froFeat_ori_cdp_mdp_combi
ned_seed3-eps-converted-to.pdf, id=1586, 1513.655pt x 857.2025pt>
File: figures/uncertainty_estimation/ablation_study/roc_pr_froFeat_ori_cdp_mdp_
combined_seed3-eps-converted-to.pdf Graphic file (type pdf)

<use figures/uncertainty_estimation/ablation_study/roc_pr_froFeat_ori_cdp_mdp_c
ombined_seed3-eps-converted-to.pdf>
Package pdftex.def Info: figures/uncertainty_estimation/ablation_study/roc_pr_f
roFeat_ori_cdp_mdp_combined_seed3-eps-converted-to.pdf used on input line 363.
(pdftex.def)             Requested size: 426.77687pt x 270.29489pt.
 [60pdfTeX warning (ext4): destination with the same identifier (name{figure.4.
14}) has been already used, duplicate ignored

\AtBegShi@Output ...ipout \box \AtBeginShipoutBox 
                                                  \fi \fi 
l.380 
      pdfTeX warning (ext4): destination with the same identifier (name{figure.
4.15}) has been already used, duplicate ignored

\AtBegShi@Output ...ipout \box \AtBeginShipoutBox 
                                                  \fi \fi 
l.380 
       <./figures/uncertainty_estimation/ablation_study/reliability_froFeat_ori
_cdp_mdp_combined_seed3_-eps-converted-to.pdf> <./figures/uncertainty_estimatio
n/ablation_study/roc_pr_froFeat_ori_cdp_mdp_combined_seed3-eps-converted-to.pdf
>]

Package hyperref Warning: Token not allowed in a PDF string (PDFDocEncoding):
(hyperref)                removing `\uppercase' on input line 404.

[61pdfTeX warning (ext4): destination with the same identifier (name{table.4.3}
) has been already used, duplicate ignored

\AtBegShi@Output ...ipout \box \AtBeginShipoutBox 
                                                  \fi \fi 
l.406 
      ] [62] [63pdfTeX warning (ext4): destination with the same identifier (na
me{table.4.4}) has been already used, duplicate ignored

\AtBegShi@Output ...ipout \box \AtBeginShipoutBox 
                                                  \fi \fi 
l.451 	\item b
              y comparing performance of E, F and G, we know that diverse da...
]

Package hyperref Warning: Token not allowed in a PDF string (PDFDocEncoding):
(hyperref)                removing `\uppercase' on input line 457.

[64]
Package epstopdf Info: Source file: <figures/autoLa/exp2/syn_cdp_trn_uncer_hist
.eps>
(epstopdf)                    date: 2019-04-18 22:06:25
(epstopdf)                    size: 121750 bytes
(epstopdf)             Output file: <figures/autoLa/exp2/syn_cdp_trn_uncer_hist
-eps-converted-to.pdf>
(epstopdf)                    date: 2019-04-18 22:06:25
(epstopdf)                    size: 22819 bytes
(epstopdf)             Command: <repstopdf --outfile=figures/autoLa/exp2/syn_cd
p_trn_uncer_hist-eps-converted-to.pdf figures/autoLa/exp2/syn_cdp_trn_uncer_his
t.eps>
(epstopdf)             \includegraphics on input line 469.
Package epstopdf Info: Output file is already uptodate.

<figures/autoLa/exp2/syn_cdp_trn_uncer_hist-eps-converted-to.pdf, id=1678, 1513
.655pt x 857.2025pt>
File: figures/autoLa/exp2/syn_cdp_trn_uncer_hist-eps-converted-to.pdf Graphic f
ile (type pdf)

<use figures/autoLa/exp2/syn_cdp_trn_uncer_hist-eps-converted-to.pdf>
Package pdftex.def Info: figures/autoLa/exp2/syn_cdp_trn_uncer_hist-eps-convert
ed-to.pdf used on input line 469.
(pdftex.def)             Requested size: 341.43535pt x 199.16672pt.
Package epstopdf Info: Source file: <figures/autoLa/exp2/syn_cdp_trn_roc_pr_cal
i_.eps>
(epstopdf)                    date: 2019-04-18 22:06:25
(epstopdf)                    size: 276427 bytes
(epstopdf)             Output file: <figures/autoLa/exp2/syn_cdp_trn_roc_pr_cal
i_-eps-converted-to.pdf>
(epstopdf)                    date: 2019-04-18 22:06:25
(epstopdf)                    size: 85171 bytes
(epstopdf)             Command: <repstopdf --outfile=figures/autoLa/exp2/syn_cd
p_trn_roc_pr_cali_-eps-converted-to.pdf figures/autoLa/exp2/syn_cdp_trn_roc_pr_
cali_.eps>
(epstopdf)             \includegraphics on input line 485.
Package epstopdf Info: Output file is already uptodate.

<figures/autoLa/exp2/syn_cdp_trn_roc_pr_cali_-eps-converted-to.pdf, id=1682, 14
48.41125pt x 834.11626pt>
File: figures/autoLa/exp2/syn_cdp_trn_roc_pr_cali_-eps-converted-to.pdf Graphic
 file (type pdf)

<use figures/autoLa/exp2/syn_cdp_trn_roc_pr_cali_-eps-converted-to.pdf>
Package pdftex.def Info: figures/autoLa/exp2/syn_cdp_trn_roc_pr_cali_-eps-conve
rted-to.pdf used on input line 485.
(pdftex.def)             Requested size: 384.09236pt x 256.07877pt.

[65pdfTeX warning (ext4): destination with the same identifier (name{figure.4.1
6}) has been already used, duplicate ignored

\AtBegShi@Output ...ipout \box \AtBeginShipoutBox 
                                                  \fi \fi 
l.490 
       <./figures/autoLa/exp2/syn_cdp_trn_uncer_hist-eps-converted-to.pdf>]
[66pdfTeX warning (ext4): destination with the same identifier (name{figure.4.1
7}) has been already used, duplicate ignored

\AtBegShi@Output ...ipout \box \AtBeginShipoutBox 
                                                  \fi \fi 
l.515 
       <./figures/autoLa/exp2/syn_cdp_trn_roc_pr_cali_-eps-converted-to.pdf>]
Package epstopdf Info: Source file: <figures/autoLa/exp2/class_balance_NoMa_3pe
rcMa.eps>
(epstopdf)                    date: 2019-04-22 21:59:35
(epstopdf)                    size: 97005 bytes
(epstopdf)             Output file: <figures/autoLa/exp2/class_balance_NoMa_3pe
rcMa-eps-converted-to.pdf>
(epstopdf)                    date: 2019-04-22 21:59:35
(epstopdf)                    size: 22080 bytes
(epstopdf)             Command: <repstopdf --outfile=figures/autoLa/exp2/class_
balance_NoMa_3percMa-eps-converted-to.pdf figures/autoLa/exp2/class_balance_NoM
a_3percMa.eps>
(epstopdf)             \includegraphics on input line 520.
Package epstopdf Info: Output file is already uptodate.

<figures/autoLa/exp2/class_balance_NoMa_3percMa-eps-converted-to.pdf, id=1747, 
1513.655pt x 857.2025pt>
File: figures/autoLa/exp2/class_balance_NoMa_3percMa-eps-converted-to.pdf Graph
ic file (type pdf)

<use figures/autoLa/exp2/class_balance_NoMa_3percMa-eps-converted-to.pdf>
Package pdftex.def Info: figures/autoLa/exp2/class_balance_NoMa_3percMa-eps-con
verted-to.pdf used on input line 520.
(pdftex.def)             Requested size: 426.77687pt x 256.0771pt.
Package epstopdf Info: Source file: <figures/autoLa/exp2/AutoLaWithMa3perc&NoMa
_CFM.eps>
(epstopdf)                    date: 2019-04-22 21:59:35
(epstopdf)                    size: 432224 bytes
(epstopdf)             Output file: <figures/autoLa/exp2/AutoLaWithMa3perc&NoMa
_CFM-eps-converted-to.pdf>
(epstopdf)                    date: 2019-04-22 21:59:35
(epstopdf)                    size: 104909 bytes
(epstopdf)             Command: <repstopdf --outfile=figures/autoLa/exp2/AutoLa
WithMa3perc&NoMa_CFM-eps-converted-to.pdf figures/autoLa/exp2/AutoLaWithMa3perc
&NoMa_CFM.eps>
(epstopdf)             \includegraphics on input line 529.
Package epstopdf Info: Output file is already uptodate.

<figures/autoLa/exp2/AutoLaWithMa3perc&NoMa_CFM-eps-converted-to.pdf, id=1748, 
683.55376pt x 846.16125pt>
File: figures/autoLa/exp2/AutoLaWithMa3perc&NoMa_CFM-eps-converted-to.pdf Graph
ic file (type pdf)

<use figures/autoLa/exp2/AutoLaWithMa3perc&NoMa_CFM-eps-converted-to.pdf>
Package pdftex.def Info: figures/autoLa/exp2/AutoLaWithMa3perc&NoMa_CFM-eps-con
verted-to.pdf used on input line 529.
(pdftex.def)             Requested size: 369.8958pt x 441.01347pt.

[67pdfTeX warning (ext4): destination with the same identifier (name{table.4.5}
) has been already used, duplicate ignored

\AtBegShi@Output ...ipout \box \AtBeginShipoutBox 
                                                  \fi \fi 
l.534 
      pdfTeX warning (ext4): destination with the same identifier (name{figure.
4.18}) has been already used, duplicate ignored

\AtBegShi@Output ...ipout \box \AtBeginShipoutBox 
                                                  \fi \fi 
l.534 
       <./figures/autoLa/exp2/class_balance_NoMa_3percMa-eps-converted-to.pdf>]
[68pdfTeX warning (ext4): destination with the same identifier (name{figure.4.1
9}) has been already used, duplicate ignored

\AtBegShi@Output ...ipout \box \AtBeginShipoutBox 
                                                  \fi \fi 
l.564 
       <./figures/autoLa/exp2/AutoLaWithMa3perc&NoMa_CFM-eps-converted-to.pdf>]

Package hyperref Warning: Token not allowed in a PDF string (PDFDocEncoding):
(hyperref)                removing `\uppercase' on input line 568.

[69pdfTeX warning (ext4): destination with the same identifier (name{table.4.6}
) has been already used, duplicate ignored

\AtBegShi@Output ...ipout \box \AtBeginShipoutBox 
                                                  \fi \fi 
l.606 \end{table}
                 ]

Package hyperref Warning: Token not allowed in a PDF string (PDFDocEncoding):
(hyperref)                removing `\uppercase' on input line 608.

) [70pdfTeX warning (ext4): destination with the same identifier (name{table.4.
7}) has been already used, duplicate ignored

\AtBegShi@Output ...ipout \box \AtBeginShipoutBox 
                                                  \fi \fi 
l.104 \include{ExperimentsAndDiscussion}
                                        pdfTeX warning (ext4): destination with
 the same identifier (name{table.4.8}) has been already used, duplicate ignored


\AtBegShi@Output ...ipout \box \AtBeginShipoutBox 
                                                  \fi \fi 
l.104 \include{ExperimentsAndDiscussion}
                                        ]
\openout2 = `Conclusions.aux'.

 (./Conclusions.tex
Chapter 5.
[71



] [72] [73]) [74]
\openout2 = `Appendix.aux'.

 (./Appendix.tex
Appendix A.
[75



]) [76] (./LMT_Thesis.lof [77


])
\tf@lof=\write6
\openout6 = `LMT_Thesis.lof'.

 [78] [79] (./LMT_Thesis.lot)
\tf@lot=\write7
\openout7 = `LMT_Thesis.lot'.


(./LMT_Thesis.bbl [80

]
Underfull \hbox (badness 7667) in paragraph at lines 51--56
[]\OT1/cmr/m/n/12 M. Ev-er-ing-ham, L. Van Gool, C. K. I. Williams, J. Winn,
 []


Underfull \hbox (badness 10000) in paragraph at lines 51--56
\OT1/cmr/m/n/12 and A. Zis-ser-man.  The PAS-CAL Vi-sual Ob-ject Classes
 []


Underfull \hbox (badness 10000) in paragraph at lines 51--56
\OT1/cmr/m/n/12 Chal-lenge 2012 (VOC2012) Re-sults.  http://www.pascal-
 []


Underfull \hbox (badness 1163) in paragraph at lines 58--61
[]\OT1/cmr/m/n/12 Reuben Fein-man, Ryan R Curtin, Saurabh Shin-tre, and An-drew
 B
 []

[81

] [82] [83] [84] [85]
LaTeX Font Info:    Font shape `OMS/cmr/m/it' in size <12> not available
(Font)              Font shape `OMS/cmsy/m/n' tried instead on input line 416.
) [86]
Package atveryend Info: Empty hook `BeforeClearDocument' on input line 128.
Package atveryend Info: Empty hook `AfterLastShipout' on input line 128.
 (./LMT_Thesis.aux (./StatementsEN.aux)
(./Abstract.aux) (./Introduction.aux) (./TheoreticalBackground.aux)
(./Approach.aux) (./ExperimentsAndDiscussion.aux) (./Conclusions.aux)
(./Appendix.aux))
Package atveryend Info: Executing hook `AtVeryEndDocument' on input line 128.
Package atveryend Info: Executing hook `AtEndAfterFileList' on input line 128.
Package rerunfilecheck Info: File `LMT_Thesis.out' has not changed.
(rerunfilecheck)             Checksum: E9E7CD6ACCD3F245F50B4FF42909B018;3062.


LaTeX Warning: There were multiply-defined labels.

Package atveryend Info: Empty hook `AtVeryVeryEnd' on input line 128.
 ) 
Here is how much of TeX's memory you used:
 20015 strings out of 493029
 373699 string characters out of 6136233
 466813 words of memory out of 5000000
 22685 multiletter control sequences out of 15000+600000
 17485 words of font info for 66 fonts, out of 8000000 for 9000
 1141 hyphenation exceptions out of 8191
 73i,20n,66p,1402b,582s stack positions out of 5000i,500n,10000p,200000b,80000s
 </home/luffyfjx/.texmf-var/fonts/pk/ljfour/public/bbm/bbm12.600pk></usr/shar
e/texlive/texmf-dist/fonts/type1/public/amsfonts/cm/cmbsy10.pfb></usr/share/tex
live/texmf-dist/fonts/type1/public/amsfonts/cm/cmbx12.pfb></usr/share/texlive/t
exmf-dist/fonts/type1/public/amsfonts/cm/cmex10.pfb></usr/share/texlive/texmf-d
ist/fonts/type1/public/amsfonts/cmextra/cmex8.pfb></usr/share/texlive/texmf-dis
t/fonts/type1/public/amsfonts/cm/cmmi12.pfb></usr/share/texlive/texmf-dist/font
s/type1/public/amsfonts/cm/cmmi6.pfb></usr/share/texlive/texmf-dist/fonts/type1
/public/amsfonts/cm/cmmi8.pfb></usr/share/texlive/texmf-dist/fonts/type1/public
/amsfonts/cm/cmmib10.pfb></usr/share/texlive/texmf-dist/fonts/type1/public/amsf
onts/cmextra/cmmib8.pfb></usr/share/texlive/texmf-dist/fonts/type1/public/amsfo
nts/cm/cmr12.pfb></usr/share/texlive/texmf-dist/fonts/type1/public/amsfonts/cm/
cmr17.pfb></usr/share/texlive/texmf-dist/fonts/type1/public/amsfonts/cm/cmr6.pf
b></usr/share/texlive/texmf-dist/fonts/type1/public/amsfonts/cm/cmr8.pfb></usr/
share/texlive/texmf-dist/fonts/type1/public/amsfonts/cm/cmsl12.pfb></usr/share/
texlive/texmf-dist/fonts/type1/public/amsfonts/cm/cmss12.pfb></usr/share/texliv
e/texmf-dist/fonts/type1/public/amsfonts/cm/cmss17.pfb></usr/share/texlive/texm
f-dist/fonts/type1/public/amsfonts/cm/cmsy10.pfb></usr/share/texlive/texmf-dist
/fonts/type1/public/amsfonts/cm/cmsy6.pfb></usr/share/texlive/texmf-dist/fonts/
type1/public/amsfonts/cm/cmsy8.pfb></usr/share/texlive/texmf-dist/fonts/type1/p
ublic/amsfonts/cm/cmti12.pfb></usr/share/texlive/texmf-dist/fonts/type1/public/
amsfonts/symbols/msam10.pfb></usr/share/texlive/texmf-dist/fonts/type1/public/a
msfonts/symbols/msbm10.pfb>
Output written on LMT_Thesis.pdf (91 pages, 3988425 bytes).
PDF statistics:
 2149 PDF objects out of 2487 (max. 8388607)
 1319 compressed objects within 14 object streams
 341 named destinations out of 1000 (max. 500000)
 522 words of extra memory for PDF output out of 10000 (max. 10000000)

