\BOOKMARK [0][-]{chapter*.2}{Contents}{}% 1
\BOOKMARK [0][-]{chapter.1}{Introduction}{}% 2
\BOOKMARK [1][-]{section.1.1}{What is uncertainty?}{chapter.1}% 3
\BOOKMARK [1][-]{section.1.2}{Why do we need uncertainty?}{chapter.1}% 4
\BOOKMARK [1][-]{section.1.3}{How can we obtain and handle uncertainty in deep learning?}{chapter.1}% 5
\BOOKMARK [1][-]{section.1.4}{Contributions and Structure}{chapter.1}% 6
\BOOKMARK [0][-]{chapter.2}{Bayesian neural network}{}% 7
\BOOKMARK [1][-]{section.2.1}{Introduction}{chapter.2}% 8
\BOOKMARK [1][-]{section.2.2}{Variational inference}{chapter.2}% 9
\BOOKMARK [2][-]{subsection.2.2.1}{Introduction}{section.2.2}% 10
\BOOKMARK [2][-]{subsection.2.2.2}{Dropout variational inference}{section.2.2}% 11
\BOOKMARK [2][-]{subsection.2.2.3}{Concrete dropout and Multi-Drop}{section.2.2}% 12
\BOOKMARK [2][-]{subsection.2.2.4}{Modified network architecture}{section.2.2}% 13
\BOOKMARK [1][-]{section.2.3}{Laplace approximation}{chapter.2}% 14
\BOOKMARK [2][-]{subsection.2.3.1}{Introduction}{section.2.3}% 15
\BOOKMARK [2][-]{subsection.2.3.2}{Scalable Laplace approximation for neural network}{section.2.3}% 16
\BOOKMARK [0][-]{chapter.3}{Conditional random field}{}% 17
\BOOKMARK [1][-]{section.3.1}{Introduction}{chapter.3}% 18
\BOOKMARK [1][-]{section.3.2}{Learning}{chapter.3}% 19
\BOOKMARK [1][-]{section.3.3}{Inference}{chapter.3}% 20
\BOOKMARK [0][-]{chapter.4}{Experiments and Discussion}{}% 21
\BOOKMARK [1][-]{section.4.1}{Introduction}{chapter.4}% 22
\BOOKMARK [2][-]{subsection.4.1.1}{Dataset}{section.4.1}% 23
\BOOKMARK [2][-]{subsection.4.1.2}{Uncertainty measures}{section.4.1}% 24
\BOOKMARK [2][-]{subsection.4.1.3}{Evaluation metrics}{section.4.1}% 25
\BOOKMARK [1][-]{section.4.2}{Uncertainty estimation experiments}{chapter.4}% 26
\BOOKMARK [2][-]{subsection.4.2.1}{Experiments i}{section.4.2}% 27
\BOOKMARK [2][-]{subsection.4.2.2}{Experiments ii}{section.4.2}% 28
\BOOKMARK [1][-]{section.4.3}{Automatic labeling experiments}{chapter.4}% 29
\BOOKMARK [2][-]{subsection.4.3.1}{Introduction}{section.4.3}% 30
\BOOKMARK [2][-]{subsection.4.3.2}{Experiments i}{section.4.3}% 31
\BOOKMARK [2][-]{subsection.4.3.3}{Experiments ii}{section.4.3}% 32
\BOOKMARK [1][-]{section.4.4}{Context-based improvement experiments}{chapter.4}% 33
\BOOKMARK [2][-]{subsection.4.4.1}{Experiments settings}{section.4.4}% 34
\BOOKMARK [2][-]{subsection.4.4.2}{Results}{section.4.4}% 35
\BOOKMARK [2][-]{subsection.4.4.3}{Analysis}{section.4.4}% 36
\BOOKMARK [0][-]{chapter.5}{Conclusion}{}% 37
\BOOKMARK [1][-]{subsection.5.0.1}{Discussions and conclusions}{chapter.5}% 38
\BOOKMARK [2][-]{subsection.5.0.2}{Future work}{subsection.5.0.1}% 39
\BOOKMARK [0][-]{appendix.A}{Appendix}{}% 40
\BOOKMARK [1][-]{section.A.1}{KL condition}{appendix.A}% 41
\BOOKMARK [1][-]{section.A.2}{Figures}{appendix.A}% 42
\BOOKMARK [1][-]{section.A.3}{Implementation Details}{appendix.A}% 43
\BOOKMARK [0][-]{appendix*.33}{List of Figures}{}% 44
\BOOKMARK [0][-]{appendix*.34}{List of Tables}{}% 45
\BOOKMARK [0][-]{appendix*.35}{Bibliography}{}% 46
